Using pre-set license
Built from 'master' branch; Version is '2020.3.36f1 (71f96b79b9f0) revision 7469419'; Using compiler version '192528614'; Build Type 'Release'
OS: 'Windows 10  (10.0.19044) 64bit Professional' Language: 'en' Physical Memory: 8061 MB
BatchMode: 1, IsHumanControllingUs: 0, StartBugReporterOnCrash: 0, Is64bit: 1, IsPro: 0

COMMAND LINE ARGUMENTS:
C:\Program Files\Unity\Hub\Editor\2020.3.36f1\Editor\Unity.exe
-adb2
-batchMode
-noUpm
-name
AssetImportWorker0
-projectPath
D:/Unity Projects/DemoCardsGame
-logFile
Logs/AssetImportWorker0.log
-srvPort
59248
Successfully changed project path to: D:/Unity Projects/DemoCardsGame
D:/Unity Projects/DemoCardsGame
Using Asset Import Pipeline V2.
Refreshing native plugins compatible for Editor in 35.36 ms, found 5 plugins.
Preloading 0 native plugins for Editor in 0.00 ms.
Initialize engine version: 2020.3.36f1 (71f96b79b9f0)
[Subsystems] Discovering subsystems at path C:/Program Files/Unity/Hub/Editor/2020.3.36f1/Editor/Data/Resources/UnitySubsystems
[Subsystems] Discovering subsystems at path D:/Unity Projects/DemoCardsGame/Assets
GfxDevice: creating device client; threaded=0
Direct3D:
    Version:  Direct3D 11.0 [level 11.0]
    Renderer: NVIDIA GeForce GT 730 (ID=0x1287)
    Vendor:   
    VRAM:     2007 MB
    Driver:   27.21.14.5671
Initialize mono
Mono path[0] = 'C:/Program Files/Unity/Hub/Editor/2020.3.36f1/Editor/Data/Managed'
Mono path[1] = 'C:/Program Files/Unity/Hub/Editor/2020.3.36f1/Editor/Data/MonoBleedingEdge/lib/mono/unityjit'
Mono config path = 'C:/Program Files/Unity/Hub/Editor/2020.3.36f1/Editor/Data/MonoBleedingEdge/etc'
Using monoOptions --debugger-agent=transport=dt_socket,embedding=1,server=y,suspend=n,address=127.0.0.1:56420
Begin MonoManager ReloadAssembly
Registering precompiled unity dll's ...
Register platform support module: C:/Program Files/Unity/Hub/Editor/2020.3.36f1/Editor/Data/PlaybackEngines/WindowsStandaloneSupport/UnityEditor.WindowsStandalone.Extensions.dll
Registered in 0.001107 seconds.
Native extension for WindowsStandalone target not found
Refreshing native plugins compatible for Editor in 37.02 ms, found 5 plugins.
Preloading 0 native plugins for Editor in 0.00 ms.
Mono: successfully reloaded assembly
- Completed reload, in  0.423 seconds
Domain Reload Profiling:
	ReloadAssembly (423ms)
		BeginReloadAssembly (45ms)
			ExecutionOrderSort (0ms)
			DisableScriptedObjects (0ms)
			BackupInstance (0ms)
			ReleaseScriptingObjects (0ms)
			CreateAndSetChildDomain (1ms)
		EndReloadAssembly (328ms)
			LoadAssemblies (43ms)
			RebuildTransferFunctionScriptingTraits (0ms)
			SetupTypeCache (96ms)
			ReleaseScriptCaches (0ms)
			RebuildScriptCaches (25ms)
			SetupLoadedEditorAssemblies (133ms)
				LogAssemblyErrors (0ms)
				InitializePlatformSupportModulesInManaged (3ms)
				SetLoadedEditorAssemblies (0ms)
				RefreshPlugins (37ms)
				BeforeProcessingInitializeOnLoad (12ms)
				ProcessInitializeOnLoadAttributes (59ms)
				ProcessInitializeOnLoadMethodAttributes (21ms)
				AfterProcessingInitializeOnLoad (0ms)
				EditorAssembliesLoaded (0ms)
			ExecutionOrderSort2 (0ms)
			AwakeInstancesAfterBackupRestoration (0ms)
Platform modules already initialized, skipping
Registering precompiled user dll's ...
Registered in 0.001671 seconds.
Begin MonoManager ReloadAssembly
Native extension for WindowsStandalone target not found
Refreshing native plugins compatible for Editor in 36.24 ms, found 5 plugins.
Preloading 0 native plugins for Editor in 0.00 ms.
Mono: successfully reloaded assembly
- Completed reload, in  0.777 seconds
Domain Reload Profiling:
	ReloadAssembly (777ms)
		BeginReloadAssembly (102ms)
			ExecutionOrderSort (0ms)
			DisableScriptedObjects (4ms)
			BackupInstance (0ms)
			ReleaseScriptingObjects (0ms)
			CreateAndSetChildDomain (14ms)
		EndReloadAssembly (633ms)
			LoadAssemblies (65ms)
			RebuildTransferFunctionScriptingTraits (0ms)
			SetupTypeCache (192ms)
			ReleaseScriptCaches (0ms)
			RebuildScriptCaches (42ms)
			SetupLoadedEditorAssemblies (255ms)
				LogAssemblyErrors (0ms)
				InitializePlatformSupportModulesInManaged (3ms)
				SetLoadedEditorAssemblies (0ms)
				RefreshPlugins (36ms)
				BeforeProcessingInitializeOnLoad (53ms)
				ProcessInitializeOnLoadAttributes (149ms)
				ProcessInitializeOnLoadMethodAttributes (10ms)
				AfterProcessingInitializeOnLoad (3ms)
				EditorAssembliesLoaded (0ms)
			ExecutionOrderSort2 (0ms)
			AwakeInstancesAfterBackupRestoration (1ms)
Platform modules already initialized, skipping
========================================================================
Worker process is ready to serve import requests
Launched and connected shader compiler UnityShaderCompiler.exe after 0.02 seconds
Refreshing native plugins compatible for Editor in 0.42 ms, found 5 plugins.
Preloading 0 native plugins for Editor in 0.00 ms.
Unloading 2016 Unused Serialized files (Serialized files now loaded: 0)
System memory in use before: 97.1 MB.
System memory in use after: 96.9 MB.

Unloading 30 unused Assets to reduce memory usage. Loaded Objects now: 2446.
Total: 2.063000 ms (FindLiveObjects: 0.105600 ms CreateObjectMapping: 0.039400 ms MarkObjects: 1.699900 ms  DeleteObjects: 0.217400 ms)

AssetImportParameters requested are different than current active one (requested -> active):
  custom:framework-win-MediaFoundation: 216162199b28c13a410421893ffa2e32 -> 
  custom:video-decoder-ogg-theora: a1e56fd34408186e4bbccfd4996cb3dc -> 
  custom:container-muxer-webm: aa71ff27fc2769a1b78a27578f13a17b -> 
  custom:container-demuxer-webm: 4f35f7cbe854078d1ac9338744f61a02 -> 
  custom:container-demuxer-ogg: 62fdf1f143b41e24485cea50d1cbac27 -> 
  custom:video-encoder-webm-vp8: eb34c28f22e8b96e1ab97ce403110664 -> 
  custom:video-decoder-webm-vp8: 9c59270c3fd7afecdb556c50c9e8de78 -> 
  custom:audio-decoder-ogg-vorbis: bf7c407c2cedff20999df2af8eb42d56 -> 
  custom:audio-encoder-webm-vorbis: bf7c407c2cedff20999df2af8eb42d56 -> 
========================================================================
Received Import Request.
  path: Assets/Standard Assets/2D/Animations
  artifactKey: Guid(d8134e4dd9a11c6468abfb1683315eab) Importer(815301076,1909f56bfc062723c751e8b465ee728b)
Start importing Assets/Standard Assets/2D/Animations using Guid(d8134e4dd9a11c6468abfb1683315eab) Importer(815301076,1909f56bfc062723c751e8b465ee728b)  -> (artifact id: '82dc3acc8b9f6431e649a3b00cea5132') in 0.006279 seconds 
========================================================================
Received Import Request.
  Time since last request: 0.000228 seconds.
  path: Assets/Standard Assets/2D
  artifactKey: Guid(27dbec7630294d64c9ab91261656cbd4) Importer(815301076,1909f56bfc062723c751e8b465ee728b)
Start importing Assets/Standard Assets/2D using Guid(27dbec7630294d64c9ab91261656cbd4) Importer(815301076,1909f56bfc062723c751e8b465ee728b)  -> (artifact id: '4558ddfe9ee7821b0960fe7ccca666c9') in 0.003608 seconds 
========================================================================
Received Import Request.
  Time since last request: 2.197261 seconds.
  path: Assets/Standard Assets/2D/Animator
  artifactKey: Guid(b6fac374594252145b045395449bc9b2) Importer(815301076,1909f56bfc062723c751e8b465ee728b)
Start importing Assets/Standard Assets/2D/Animator using Guid(b6fac374594252145b045395449bc9b2) Importer(815301076,1909f56bfc062723c751e8b465ee728b)  -> (artifact id: 'dd6c150b4ecdd889340d1fd7c85be11a') in 0.004962 seconds 
========================================================================
Received Import Request.
  Time since last request: 1.376056 seconds.
  path: Assets/Standard Assets/2D/Materials
  artifactKey: Guid(a8360d6cbb0b24d30ad943985708a039) Importer(815301076,1909f56bfc062723c751e8b465ee728b)
Start importing Assets/Standard Assets/2D/Materials using Guid(a8360d6cbb0b24d30ad943985708a039) Importer(815301076,1909f56bfc062723c751e8b465ee728b)  -> (artifact id: 'ca5dc8ad320fbb9467c4d3970685a081') in 0.004501 seconds 
========================================================================
Received Import Request.
  Time since last request: 0.171791 seconds.
  path: Assets/Standard Assets/2D/Materials/SpriteLit.mat
  artifactKey: Guid(272ba847f100d4251bb8260575189042) Importer(815301076,1909f56bfc062723c751e8b465ee728b)
Start importing Assets/Standard Assets/2D/Materials/SpriteLit.mat using Guid(272ba847f100d4251bb8260575189042) Importer(815301076,1909f56bfc062723c751e8b465ee728b)  -> (artifact id: '76844d57e756e888d2973204c549657b') in 0.118511 seconds 
========================================================================
Received Import Request.
  Time since last request: 4.467195 seconds.
  path: Assets/Standard Assets/2D/PhysicsMaterials
  artifactKey: Guid(acf5e119c54034bd8bfbd5f21cc246db) Importer(815301076,1909f56bfc062723c751e8b465ee728b)
Start importing Assets/Standard Assets/2D/PhysicsMaterials using Guid(acf5e119c54034bd8bfbd5f21cc246db) Importer(815301076,1909f56bfc062723c751e8b465ee728b)  -> (artifact id: 'a4ec773e3fdaccc2ab4a927482252b6f') in 0.004566 seconds 
========================================================================
Received Import Request.
  Time since last request: 1.513284 seconds.
  path: Assets/Standard Assets/2D/Prefabs
  artifactKey: Guid(e6569085fafaa4cd1b747c51376fa329) Importer(815301076,1909f56bfc062723c751e8b465ee728b)
Start importing Assets/Standard Assets/2D/Prefabs using Guid(e6569085fafaa4cd1b747c51376fa329) Importer(815301076,1909f56bfc062723c751e8b465ee728b)  -> (artifact id: 'f3b78e6bd63824970f6f75c8ab6329e8') in 0.007343 seconds 
========================================================================
Received Import Request.
  Time since last request: 1.165215 seconds.
  path: Assets/Standard Assets/2D/Scripts
  artifactKey: Guid(b656cca21e797074a84563027a508ce1) Importer(815301076,1909f56bfc062723c751e8b465ee728b)
Start importing Assets/Standard Assets/2D/Scripts using Guid(b656cca21e797074a84563027a508ce1) Importer(815301076,1909f56bfc062723c751e8b465ee728b)  -> (artifact id: '677117dc6740f1b71d3dc4f37cef9934') in 0.004535 seconds 
========================================================================
Received Import Request.
  Time since last request: 0.553096 seconds.
  path: Assets/Standard Assets/2D/Sprites
  artifactKey: Guid(e94a3b96b1dbb7443b18f1c1f5b041f8) Importer(815301076,1909f56bfc062723c751e8b465ee728b)
Start importing Assets/Standard Assets/2D/Sprites using Guid(e94a3b96b1dbb7443b18f1c1f5b041f8) Importer(815301076,1909f56bfc062723c751e8b465ee728b)  -> (artifact id: '8872c2fcb3d42c7ef75d132850c29df0') in 0.004142 seconds 
========================================================================
Received Import Request.
  Time since last request: 4.240809 seconds.
  path: Assets/Standard Assets/Characters
  artifactKey: Guid(8c32f58513a41ef4dab9cb7704c5fb92) Importer(815301076,1909f56bfc062723c751e8b465ee728b)
Start importing Assets/Standard Assets/Characters using Guid(8c32f58513a41ef4dab9cb7704c5fb92) Importer(815301076,1909f56bfc062723c751e8b465ee728b)  -> (artifact id: '2ed30adbe8a1c3b5a1936a139fc95024') in 0.004212 seconds 
========================================================================
Received Import Request.
  Time since last request: 1.959356 seconds.
  path: Assets/Standard Assets/Characters/RollerBall
  artifactKey: Guid(438c5036def53d643a5c720213903c0f) Importer(815301076,1909f56bfc062723c751e8b465ee728b)
Start importing Assets/Standard Assets/Characters/RollerBall using Guid(438c5036def53d643a5c720213903c0f) Importer(815301076,1909f56bfc062723c751e8b465ee728b)  -> (artifact id: '1e139ee53dc6f1b0167ce8a26c578b0e') in 0.004241 seconds 
========================================================================
Received Prepare
Registering precompiled user dll's ...
Registered in 0.001823 seconds.
Begin MonoManager ReloadAssembly
Native extension for WindowsStandalone target not found
Refreshing native plugins compatible for Editor in 0.43 ms, found 5 plugins.
Preloading 0 native plugins for Editor in 0.00 ms.
Mono: successfully reloaded assembly
- Completed reload, in  0.692 seconds
Domain Reload Profiling:
	ReloadAssembly (692ms)
		BeginReloadAssembly (85ms)
			ExecutionOrderSort (0ms)
			DisableScriptedObjects (3ms)
			BackupInstance (0ms)
			ReleaseScriptingObjects (0ms)
			CreateAndSetChildDomain (27ms)
		EndReloadAssembly (566ms)
			LoadAssemblies (64ms)
			RebuildTransferFunctionScriptingTraits (0ms)
			SetupTypeCache (191ms)
			ReleaseScriptCaches (1ms)
			RebuildScriptCaches (36ms)
			SetupLoadedEditorAssemblies (222ms)
				LogAssemblyErrors (0ms)
				InitializePlatformSupportModulesInManaged (3ms)
				SetLoadedEditorAssemblies (1ms)
				RefreshPlugins (0ms)
				BeforeProcessingInitializeOnLoad (55ms)
				ProcessInitializeOnLoadAttributes (149ms)
				ProcessInitializeOnLoadMethodAttributes (9ms)
				AfterProcessingInitializeOnLoad (3ms)
				EditorAssembliesLoaded (0ms)
			ExecutionOrderSort2 (0ms)
			AwakeInstancesAfterBackupRestoration (1ms)
Platform modules already initialized, skipping
Refreshing native plugins compatible for Editor in 0.46 ms, found 5 plugins.
Preloading 0 native plugins for Editor in 0.00 ms.
Unloading 1975 Unused Serialized files (Serialized files now loaded: 0)
System memory in use before: 96.8 MB.
System memory in use after: 96.6 MB.

Unloading 27 unused Assets to reduce memory usage. Loaded Objects now: 2487.
Total: 2.036400 ms (FindLiveObjects: 0.112100 ms CreateObjectMapping: 0.042300 ms MarkObjects: 1.692000 ms  DeleteObjects: 0.189100 ms)

AssetImportParameters requested are different than current active one (requested -> active):
  custom:framework-win-MediaFoundation: 216162199b28c13a410421893ffa2e32 -> 
  custom:video-decoder-ogg-theora: a1e56fd34408186e4bbccfd4996cb3dc -> 
  custom:container-muxer-webm: aa71ff27fc2769a1b78a27578f13a17b -> 
  custom:container-demuxer-webm: 4f35f7cbe854078d1ac9338744f61a02 -> 
  custom:container-demuxer-ogg: 62fdf1f143b41e24485cea50d1cbac27 -> 
  custom:video-encoder-webm-vp8: eb34c28f22e8b96e1ab97ce403110664 -> 
  custom:video-decoder-webm-vp8: 9c59270c3fd7afecdb556c50c9e8de78 -> 
  custom:audio-decoder-ogg-vorbis: bf7c407c2cedff20999df2af8eb42d56 -> 
  custom:audio-encoder-webm-vorbis: bf7c407c2cedff20999df2af8eb42d56 -> 
========================================================================
Received Import Request.
  Time since last request: 10.496679 seconds.
  path: Assets/Standard Assets/CrossPlatformInput
  artifactKey: Guid(710bc43f80d178548bd226c252c8e65b) Importer(815301076,1909f56bfc062723c751e8b465ee728b)
Start importing Assets/Standard Assets/CrossPlatformInput using Guid(710bc43f80d178548bd226c252c8e65b) Importer(815301076,1909f56bfc062723c751e8b465ee728b)  -> (artifact id: '1f66bce4a2ab0d02724fdb2eb4565f8c') in 0.017236 seconds 
========================================================================
Received Import Request.
  Time since last request: 4.482555 seconds.
  path: Assets/Standard Assets/CrossPlatformInput/Prefabs
  artifactKey: Guid(5d3fb8e05edcf4b41aef584ca1b0d06f) Importer(815301076,1909f56bfc062723c751e8b465ee728b)
Start importing Assets/Standard Assets/CrossPlatformInput/Prefabs using Guid(5d3fb8e05edcf4b41aef584ca1b0d06f) Importer(815301076,1909f56bfc062723c751e8b465ee728b)  -> (artifact id: '9196f70667ee1662a1f4216c0529c797') in 0.001272 seconds 
========================================================================
Received Import Request.
  Time since last request: 0.072638 seconds.
  path: Assets/Standard Assets/CrossPlatformInput/Prefabs/CarTiltControls.prefab
  artifactKey: Guid(174090ae7f9eff84abe76f0ff062efac) Importer(815301076,1909f56bfc062723c751e8b465ee728b)
Start importing Assets/Standard Assets/CrossPlatformInput/Prefabs/CarTiltControls.prefab using Guid(174090ae7f9eff84abe76f0ff062efac) Importer(815301076,1909f56bfc062723c751e8b465ee728b)  -> (artifact id: '1959dcb833e9cd50f96f6e7b137fb1e5') in 0.320747 seconds 
========================================================================
Received Import Request.
  Time since last request: 0.000236 seconds.
  path: Assets/Standard Assets/CrossPlatformInput/Prefabs/MobileTiltControlRig.prefab
  artifactKey: Guid(999388b68bb99b44099461bfbed94358) Importer(815301076,1909f56bfc062723c751e8b465ee728b)
Start importing Assets/Standard Assets/CrossPlatformInput/Prefabs/MobileTiltControlRig.prefab using Guid(999388b68bb99b44099461bfbed94358) Importer(815301076,1909f56bfc062723c751e8b465ee728b)  -> (artifact id: 'b992aaca75a0bcd5b48e8ff4408606bb') in 0.006425 seconds 
========================================================================
Received Import Request.
  Time since last request: 0.000239 seconds.
  path: Assets/Standard Assets/CrossPlatformInput/Prefabs/MobileAircraftControls.prefab
  artifactKey: Guid(3369231b1ed7ad34e84d9240a571db81) Importer(815301076,1909f56bfc062723c751e8b465ee728b)
Start importing Assets/Standard Assets/CrossPlatformInput/Prefabs/MobileAircraftControls.prefab using Guid(3369231b1ed7ad34e84d9240a571db81) Importer(815301076,1909f56bfc062723c751e8b465ee728b)  -> (artifact id: '1f37004e930878b31e9dd0b783cb4de5') in 0.160621 seconds 
========================================================================
Received Import Request.
  Time since last request: 0.000189 seconds.
  path: Assets/Standard Assets/CrossPlatformInput/Prefabs/DualTouchControls.prefab
  artifactKey: Guid(2169821f0567671499a5c10104c69c24) Importer(815301076,1909f56bfc062723c751e8b465ee728b)
Start importing Assets/Standard Assets/CrossPlatformInput/Prefabs/DualTouchControls.prefab using Guid(2169821f0567671499a5c10104c69c24) Importer(815301076,1909f56bfc062723c751e8b465ee728b)  -> (artifact id: 'ca15ea02f89d5b528ee99f5e76b97289') in 0.031343 seconds 
========================================================================
Received Import Request.
  Time since last request: 0.000240 seconds.
  path: Assets/Standard Assets/CrossPlatformInput/Prefabs/MobileSingleStickControl.prefab
  artifactKey: Guid(9529ecc3d479da5499993355e6c2cb4f) Importer(815301076,1909f56bfc062723c751e8b465ee728b)
Start importing Assets/Standard Assets/CrossPlatformInput/Prefabs/MobileSingleStickControl.prefab using Guid(9529ecc3d479da5499993355e6c2cb4f) Importer(815301076,1909f56bfc062723c751e8b465ee728b)  -> (artifact id: 'a59becfe23b313d239198c0838e14135') in 0.037820 seconds 
========================================================================
Received Import Request.
  Time since last request: 3.871596 seconds.
  path: Assets/Standard Assets/CrossPlatformInput/Sprites
  artifactKey: Guid(1835e4537efbdd94b93c2dd136860f1d) Importer(815301076,1909f56bfc062723c751e8b465ee728b)
Start importing Assets/Standard Assets/CrossPlatformInput/Sprites using Guid(1835e4537efbdd94b93c2dd136860f1d) Importer(815301076,1909f56bfc062723c751e8b465ee728b)  -> (artifact id: '00ec43b8b2dda74ff216e2bd19d6abcd') in 0.014864 seconds 
========================================================================
Received Import Request.
  Time since last request: 2.656869 seconds.
  path: Assets/Standard Assets/Editor
  artifactKey: Guid(8f7308500f322e644817ccfc3e0a17a5) Importer(815301076,1909f56bfc062723c751e8b465ee728b)
Start importing Assets/Standard Assets/Editor using Guid(8f7308500f322e644817ccfc3e0a17a5) Importer(815301076,1909f56bfc062723c751e8b465ee728b)  -> (artifact id: '527ba3f026128fbc92304e31a9286b93') in 0.015795 seconds 
========================================================================
Received Import Request.
  Time since last request: 1.048221 seconds.
  path: Assets/Standard Assets/Editor/CrossPlatformInput
  artifactKey: Guid(696c0e7b8c74e1442acbf15c2df9e72d) Importer(815301076,1909f56bfc062723c751e8b465ee728b)
Start importing Assets/Standard Assets/Editor/CrossPlatformInput using Guid(696c0e7b8c74e1442acbf15c2df9e72d) Importer(815301076,1909f56bfc062723c751e8b465ee728b)  -> (artifact id: '903718d3bb94ec1795534142c7653b08') in 0.001149 seconds 
========================================================================
Received Import Request.
  Time since last request: 1.440898 seconds.
  path: Assets/Standard Assets/Editor/Water
  artifactKey: Guid(498e1d885dcf89b43ba3396ada0c7e7e) Importer(815301076,1909f56bfc062723c751e8b465ee728b)
Start importing Assets/Standard Assets/Editor/Water using Guid(498e1d885dcf89b43ba3396ada0c7e7e) Importer(815301076,1909f56bfc062723c751e8b465ee728b)  -> (artifact id: 'a3d720b63204bfda9614ee637827d449') in 0.004293 seconds 
========================================================================
Received Import Request.
  Time since last request: 0.737250 seconds.
  path: Assets/Standard Assets/Editor/Water/Water4
  artifactKey: Guid(66207ff69de6b4d73a445036c3a195f6) Importer(815301076,1909f56bfc062723c751e8b465ee728b)
Start importing Assets/Standard Assets/Editor/Water/Water4 using Guid(66207ff69de6b4d73a445036c3a195f6) Importer(815301076,1909f56bfc062723c751e8b465ee728b)  -> (artifact id: '6fb5149c61f0fcc66ec72e636694dc6a') in 0.004361 seconds 
========================================================================
Received Import Request.
  Time since last request: 4.961069 seconds.
  path: Assets/Standard Assets/Effects
  artifactKey: Guid(115d1f9d9bd29064ab981e57c8fc8cdf) Importer(815301076,1909f56bfc062723c751e8b465ee728b)
Start importing Assets/Standard Assets/Effects using Guid(115d1f9d9bd29064ab981e57c8fc8cdf) Importer(815301076,1909f56bfc062723c751e8b465ee728b)  -> (artifact id: '34f3caac59c06605f16ef021f743b3c1') in 0.004356 seconds 
========================================================================
Received Import Request.
  Time since last request: 0.992287 seconds.
  path: Assets/Standard Assets/Effects/GlassRefraction
  artifactKey: Guid(3c788335fe2df44ca9bbf95bc580ce4d) Importer(815301076,1909f56bfc062723c751e8b465ee728b)
Start importing Assets/Standard Assets/Effects/GlassRefraction using Guid(3c788335fe2df44ca9bbf95bc580ce4d) Importer(815301076,1909f56bfc062723c751e8b465ee728b)  -> (artifact id: 'f5ed8c0665040b5645ecd008bd2ca66c') in 0.004360 seconds 
========================================================================
Received Import Request.
  Time since last request: 2.191725 seconds.
  path: Assets/Standard Assets/Effects/GlassRefraction/Materials
  artifactKey: Guid(db69b3da6ede2444b92c479f24b48999) Importer(815301076,1909f56bfc062723c751e8b465ee728b)
Start importing Assets/Standard Assets/Effects/GlassRefraction/Materials using Guid(db69b3da6ede2444b92c479f24b48999) Importer(815301076,1909f56bfc062723c751e8b465ee728b)  -> (artifact id: '73a5c8f389a278962b8b65b6b9cebea4') in 0.001301 seconds 
========================================================================
Received Import Request.
  Time since last request: 0.086592 seconds.
  path: Assets/Standard Assets/Effects/GlassRefraction/Materials/GlassRefractive.mat
  artifactKey: Guid(848918a99d11f25f110026ca44295342) Importer(815301076,1909f56bfc062723c751e8b465ee728b)
Start importing Assets/Standard Assets/Effects/GlassRefraction/Materials/GlassRefractive.mat using Guid(848918a99d11f25f110026ca44295342) Importer(815301076,1909f56bfc062723c751e8b465ee728b)  -> (artifact id: '12bb500b0918de9ed33c2ce9980f252f') in 0.116446 seconds 
========================================================================
Received Import Request.
  Time since last request: 3.423021 seconds.
  path: Assets/Standard Assets/Effects/ImageEffects
  artifactKey: Guid(d6e0c95a128e14227939c51b5d9ad74e) Importer(815301076,1909f56bfc062723c751e8b465ee728b)
Start importing Assets/Standard Assets/Effects/ImageEffects using Guid(d6e0c95a128e14227939c51b5d9ad74e) Importer(815301076,1909f56bfc062723c751e8b465ee728b)  -> (artifact id: '6676fad2c5f9bbf3fbd1c27792a6505a') in 0.004417 seconds 
========================================================================
Received Import Request.
  Time since last request: 3.272165 seconds.
  path: Assets/Standard Assets/Effects/LightCookies
  artifactKey: Guid(794a3489a6afd4daf80d98a5844341b9) Importer(815301076,1909f56bfc062723c751e8b465ee728b)
Start importing Assets/Standard Assets/Effects/LightCookies using Guid(794a3489a6afd4daf80d98a5844341b9) Importer(815301076,1909f56bfc062723c751e8b465ee728b)  -> (artifact id: '2c0679da2b344c2647be82ad51b14109') in 0.004846 seconds 
========================================================================
Received Import Request.
  Time since last request: 3.834380 seconds.
  path: Assets/Standard Assets/Effects/LightFlares
  artifactKey: Guid(d8cfa4746d26d4715b9f848bce1e2f14) Importer(815301076,1909f56bfc062723c751e8b465ee728b)
Start importing Assets/Standard Assets/Effects/LightFlares using Guid(d8cfa4746d26d4715b9f848bce1e2f14) Importer(815301076,1909f56bfc062723c751e8b465ee728b)  -> (artifact id: 'be6e43f84d38bdce788a66265f4d7726') in 0.004540 seconds 
========================================================================
Received Import Request.
  Time since last request: 3.423877 seconds.
  path: Assets/Standard Assets/Effects/Projectors
  artifactKey: Guid(ab90c5d984b4d4e9e935ae8760fd47ef) Importer(815301076,1909f56bfc062723c751e8b465ee728b)
Start importing Assets/Standard Assets/Effects/Projectors using Guid(ab90c5d984b4d4e9e935ae8760fd47ef) Importer(815301076,1909f56bfc062723c751e8b465ee728b)  -> (artifact id: '1437f0fa0df3db614a7b92d14e934dd4') in 0.004340 seconds 
========================================================================
Received Import Request.
  Time since last request: 3.127699 seconds.
  path: Assets/Standard Assets/Effects/Projectors/Prefabs
  artifactKey: Guid(b6b64336cd6795c4daf856f275c23f7c) Importer(815301076,1909f56bfc062723c751e8b465ee728b)
Start importing Assets/Standard Assets/Effects/Projectors/Prefabs using Guid(b6b64336cd6795c4daf856f275c23f7c) Importer(815301076,1909f56bfc062723c751e8b465ee728b)  -> (artifact id: '78b0213591e39adf3335d6b5da5333c2') in 0.001747 seconds 
========================================================================
Received Import Request.
  Time since last request: 0.059771 seconds.
  path: Assets/Standard Assets/Effects/Projectors/Prefabs/BlobLightProjector.prefab
  artifactKey: Guid(21543d2b66928224f8a9536ff3811682) Importer(815301076,1909f56bfc062723c751e8b465ee728b)
Start importing Assets/Standard Assets/Effects/Projectors/Prefabs/BlobLightProjector.prefab using Guid(21543d2b66928224f8a9536ff3811682) Importer(815301076,1909f56bfc062723c751e8b465ee728b)  -> (artifact id: '331ff33e964fccdba4dec3e96a150342') in 0.064975 seconds 
========================================================================
Received Import Request.
  Time since last request: 0.000273 seconds.
  path: Assets/Standard Assets/Effects/Projectors/Prefabs/BlobShadowProjector.prefab
  artifactKey: Guid(28a5e79925e3ce04a82856c16a572cbe) Importer(815301076,1909f56bfc062723c751e8b465ee728b)
Start importing Assets/Standard Assets/Effects/Projectors/Prefabs/BlobShadowProjector.prefab using Guid(28a5e79925e3ce04a82856c16a572cbe) Importer(815301076,1909f56bfc062723c751e8b465ee728b)  -> (artifact id: '8bc6b4c79310518a272c3000e9078cef') in 0.006934 seconds 
========================================================================
Received Import Request.
  Time since last request: 0.000231 seconds.
  path: Assets/Standard Assets/Effects/Projectors/Prefabs/GridProjector.prefab
  artifactKey: Guid(46b12845355544642bf8f9d0cb373af7) Importer(815301076,1909f56bfc062723c751e8b465ee728b)
Start importing Assets/Standard Assets/Effects/Projectors/Prefabs/GridProjector.prefab using Guid(46b12845355544642bf8f9d0cb373af7) Importer(815301076,1909f56bfc062723c751e8b465ee728b)  -> (artifact id: '0096fb0163c3d1f59485d07444aba2cf') in 0.005403 seconds 
========================================================================
Received Import Request.
  Time since last request: 1.601674 seconds.
  path: Assets/Standard Assets/Effects/Projectors/Materials
  artifactKey: Guid(92722830d4a3f49e5bf7e68441337edb) Importer(815301076,1909f56bfc062723c751e8b465ee728b)
Start importing Assets/Standard Assets/Effects/Projectors/Materials using Guid(92722830d4a3f49e5bf7e68441337edb) Importer(815301076,1909f56bfc062723c751e8b465ee728b)  -> (artifact id: 'dfc7e760d0bee32011fdf0f77b8aa5bc') in 0.001640 seconds 
========================================================================
Received Import Request.
  Time since last request: 0.876014 seconds.
  path: Assets/Standard Assets/Effects/Projectors/Shaders
  artifactKey: Guid(0d64cf85603324c6d89204084bbb3438) Importer(815301076,1909f56bfc062723c751e8b465ee728b)
Start importing Assets/Standard Assets/Effects/Projectors/Shaders using Guid(0d64cf85603324c6d89204084bbb3438) Importer(815301076,1909f56bfc062723c751e8b465ee728b)  -> (artifact id: 'bea32a3e2e7b3480a410150d17848450') in 0.004827 seconds 
========================================================================
Received Import Request.
  Time since last request: 4.793919 seconds.
  path: Assets/Standard Assets/Effects/Projectors/Textures
  artifactKey: Guid(24f8b7f726c7047cb906be889dbf5ac1) Importer(815301076,1909f56bfc062723c751e8b465ee728b)
Start importing Assets/Standard Assets/Effects/Projectors/Textures using Guid(24f8b7f726c7047cb906be889dbf5ac1) Importer(815301076,1909f56bfc062723c751e8b465ee728b)  -> (artifact id: '86e672b3bdc3246d34bf0e5496b7b036') in 0.004161 seconds 
========================================================================
Received Import Request.
  Time since last request: 1.527125 seconds.
  path: Assets/Standard Assets/Effects/TessellationShaders
  artifactKey: Guid(b7b4d46ae2ac0ff449c02180209eea5d) Importer(815301076,1909f56bfc062723c751e8b465ee728b)
Start importing Assets/Standard Assets/Effects/TessellationShaders using Guid(b7b4d46ae2ac0ff449c02180209eea5d) Importer(815301076,1909f56bfc062723c751e8b465ee728b)  -> (artifact id: '371e3c9bd10c1d2470d0746c4ca7d544') in 0.004910 seconds 
========================================================================
Received Import Request.
  Time since last request: 1.352249 seconds.
  path: Assets/Standard Assets/Effects/TessellationShaders/Materials
  artifactKey: Guid(6deddaccf56ed5f47806946aed94d2c9) Importer(815301076,1909f56bfc062723c751e8b465ee728b)
Start importing Assets/Standard Assets/Effects/TessellationShaders/Materials using Guid(6deddaccf56ed5f47806946aed94d2c9) Importer(815301076,1909f56bfc062723c751e8b465ee728b)  -> (artifact id: '9ddcda3ed53306f924a4e0cc3456ba6f') in 0.001360 seconds 
========================================================================
Received Import Request.
  Time since last request: 1.383444 seconds.
  path: Assets/Standard Assets/Effects/TessellationShaders/Models
  artifactKey: Guid(0c309011180e934488a03e0a88190d11) Importer(815301076,1909f56bfc062723c751e8b465ee728b)
Start importing Assets/Standard Assets/Effects/TessellationShaders/Models using Guid(0c309011180e934488a03e0a88190d11) Importer(815301076,1909f56bfc062723c751e8b465ee728b)  -> (artifact id: 'b3950541c62c34c4e063232922e65f7b') in 0.005077 seconds 
========================================================================
Received Import Request.
  Time since last request: 0.908549 seconds.
  path: Assets/Standard Assets/Effects/TessellationShaders/Scenes
  artifactKey: Guid(1553d77f542284c478caca3b413d7c6a) Importer(815301076,1909f56bfc062723c751e8b465ee728b)
Start importing Assets/Standard Assets/Effects/TessellationShaders/Scenes using Guid(1553d77f542284c478caca3b413d7c6a) Importer(815301076,1909f56bfc062723c751e8b465ee728b)  -> (artifact id: '00136879019eff3d27ee6ed5751992e4') in 0.004801 seconds 
========================================================================
Received Import Request.
  Time since last request: 2.304848 seconds.
  path: Assets/Standard Assets/Effects/TessellationShaders/Shaders
  artifactKey: Guid(4624d7d4686ce7a498e4c4092550416f) Importer(815301076,1909f56bfc062723c751e8b465ee728b)
Start importing Assets/Standard Assets/Effects/TessellationShaders/Shaders using Guid(4624d7d4686ce7a498e4c4092550416f) Importer(815301076,1909f56bfc062723c751e8b465ee728b)  -> (artifact id: '7603c10eaab40d583ea73db42b442c31') in 0.001583 seconds 
========================================================================
Received Import Request.
  Time since last request: 1.107059 seconds.
  path: Assets/Standard Assets/Effects/TessellationShaders/Textures
  artifactKey: Guid(08cf2fc601fa9a2408b6a1efae3f2a01) Importer(815301076,1909f56bfc062723c751e8b465ee728b)
Start importing Assets/Standard Assets/Effects/TessellationShaders/Textures using Guid(08cf2fc601fa9a2408b6a1efae3f2a01) Importer(815301076,1909f56bfc062723c751e8b465ee728b)  -> (artifact id: 'c4f5e1d6f1f1fe6717b9f7b07b4733b9') in 0.001488 seconds 
========================================================================
Received Import Request.
  Time since last request: 2.475859 seconds.
  path: Assets/Standard Assets/Effects/ToonShading
  artifactKey: Guid(488ccf78ce5fbe14db33f20cccd9f386) Importer(815301076,1909f56bfc062723c751e8b465ee728b)
Start importing Assets/Standard Assets/Effects/ToonShading using Guid(488ccf78ce5fbe14db33f20cccd9f386) Importer(815301076,1909f56bfc062723c751e8b465ee728b)  -> (artifact id: 'bb50520539495f4c4fefdc6ea926ab99') in 0.004875 seconds 
========================================================================
Received Import Request.
  Time since last request: 1.304071 seconds.
  path: Assets/Standard Assets/Effects/ToonShading/Materials
  artifactKey: Guid(280da6451a1e556438ce789a0d7e1f65) Importer(815301076,1909f56bfc062723c751e8b465ee728b)
Start importing Assets/Standard Assets/Effects/ToonShading/Materials using Guid(280da6451a1e556438ce789a0d7e1f65) Importer(815301076,1909f56bfc062723c751e8b465ee728b)  -> (artifact id: 'bc056d82e48c6c742bc2f48fa7d5c751') in 0.001248 seconds 
========================================================================
Received Import Request.
  Time since last request: 0.996591 seconds.
  path: Assets/Standard Assets/Effects/ToonShading/Shaders
  artifactKey: Guid(adec466a1f9044ea78471a5ce6f78271) Importer(815301076,1909f56bfc062723c751e8b465ee728b)
Start importing Assets/Standard Assets/Effects/ToonShading/Shaders using Guid(adec466a1f9044ea78471a5ce6f78271) Importer(815301076,1909f56bfc062723c751e8b465ee728b)  -> (artifact id: '5562ea39fa9dded5a4aac2696b0d9baa') in 0.001437 seconds 
========================================================================
Received Import Request.
  Time since last request: 0.875142 seconds.
  path: Assets/Standard Assets/Effects/ToonShading/Textures
  artifactKey: Guid(651770f8be26443fdb85aa3594fa349c) Importer(815301076,1909f56bfc062723c751e8b465ee728b)
Start importing Assets/Standard Assets/Effects/ToonShading/Textures using Guid(651770f8be26443fdb85aa3594fa349c) Importer(815301076,1909f56bfc062723c751e8b465ee728b)  -> (artifact id: '2b73138457639c351b13a3dbcd7b289d') in 0.001298 seconds 
========================================================================
Received Import Request.
  Time since last request: 15.923524 seconds.
  path: Assets/Standard Assets/Environment
  artifactKey: Guid(6ca8c4e270f964e0da9f731d7d34b123) Importer(815301076,1909f56bfc062723c751e8b465ee728b)
Start importing Assets/Standard Assets/Environment using Guid(6ca8c4e270f964e0da9f731d7d34b123) Importer(815301076,1909f56bfc062723c751e8b465ee728b)  -> (artifact id: '44de2c96d9c77c136061e3dedd61c662') in 0.004724 seconds 
========================================================================
Received Import Request.
  Time since last request: 0.972054 seconds.
  path: Assets/Standard Assets/Environment/SpeedTree
  artifactKey: Guid(c04a867c41990cb44b46672730a8e63f) Importer(815301076,1909f56bfc062723c751e8b465ee728b)
Start importing Assets/Standard Assets/Environment/SpeedTree using Guid(c04a867c41990cb44b46672730a8e63f) Importer(815301076,1909f56bfc062723c751e8b465ee728b)  -> (artifact id: '8f6b79445b3c5ef44baa36031309c694') in 0.004322 seconds 
========================================================================
Received Import Request.
  Time since last request: 2.599939 seconds.
  path: Assets/Standard Assets/Environment/TerrainAssets
  artifactKey: Guid(7e6f84bf81c8d4de280f1133cff7e601) Importer(815301076,1909f56bfc062723c751e8b465ee728b)
Start importing Assets/Standard Assets/Environment/TerrainAssets using Guid(7e6f84bf81c8d4de280f1133cff7e601) Importer(815301076,1909f56bfc062723c751e8b465ee728b)  -> (artifact id: 'cec3746ee4f533211ea6f80b35f70c09') in 0.004106 seconds 
========================================================================
Received Import Request.
  Time since last request: 1.063235 seconds.
  path: Assets/Standard Assets/Environment/Water
  artifactKey: Guid(4f65f58f1750429468db4bef75317815) Importer(815301076,1909f56bfc062723c751e8b465ee728b)
Start importing Assets/Standard Assets/Environment/Water using Guid(4f65f58f1750429468db4bef75317815) Importer(815301076,1909f56bfc062723c751e8b465ee728b)  -> (artifact id: '5164654320f080269a462755bc4cdf47') in 0.001716 seconds 
========================================================================
Received Import Request.
  Time since last request: 0.674958 seconds.
  path: Assets/Standard Assets/Environment/Water/Water
  artifactKey: Guid(e2e84b28786ce854391d79fb76df820b) Importer(815301076,1909f56bfc062723c751e8b465ee728b)
Start importing Assets/Standard Assets/Environment/Water/Water using Guid(e2e84b28786ce854391d79fb76df820b) Importer(815301076,1909f56bfc062723c751e8b465ee728b)  -> (artifact id: '2b4f53efb95fa97fe6c6f1dbfdde1dca') in 0.001617 seconds 
========================================================================
Received Import Request.
  Time since last request: 2.029016 seconds.
  path: Assets/Standard Assets/Environment/Water/Water/Materials
  artifactKey: Guid(8269a010592f549af8f11b1683d9e794) Importer(815301076,1909f56bfc062723c751e8b465ee728b)
Start importing Assets/Standard Assets/Environment/Water/Water/Materials using Guid(8269a010592f549af8f11b1683d9e794) Importer(815301076,1909f56bfc062723c751e8b465ee728b)  -> (artifact id: 'a23b081d34dbfeccd58b3a75f3043a82') in 0.001360 seconds 
========================================================================
Received Import Request.
  Time since last request: 0.698609 seconds.
  path: Assets/Standard Assets/Environment/Water/Water/Models
  artifactKey: Guid(fe5d00245bc1d42a7927f4b2879026b8) Importer(815301076,1909f56bfc062723c751e8b465ee728b)
Start importing Assets/Standard Assets/Environment/Water/Water/Models using Guid(fe5d00245bc1d42a7927f4b2879026b8) Importer(815301076,1909f56bfc062723c751e8b465ee728b)  -> (artifact id: '222078ab647c8df796bb5d8230353223') in 0.001370 seconds 
========================================================================
Received Import Request.
  Time since last request: 0.112352 seconds.
  path: Assets/Standard Assets/Environment/Water/Water/Models/WaterPlane.fbx
  artifactKey: Guid(ba6a41dc489914734857bb5924eb70ad) Importer(815301076,1909f56bfc062723c751e8b465ee728b)
Start importing Assets/Standard Assets/Environment/Water/Water/Models/WaterPlane.fbx using Guid(ba6a41dc489914734857bb5924eb70ad) Importer(815301076,1909f56bfc062723c751e8b465ee728b)  -> (artifact id: '3514614805b44c6efe2c94fbbb9da57c') in 0.097457 seconds 
========================================================================
Received Import Request.
  Time since last request: 2.799402 seconds.
  path: Assets/Standard Assets/Environment/Water/Water/Prefabs
  artifactKey: Guid(2dc67c8fe799ae845add403087340bd1) Importer(815301076,1909f56bfc062723c751e8b465ee728b)
Start importing Assets/Standard Assets/Environment/Water/Water/Prefabs using Guid(2dc67c8fe799ae845add403087340bd1) Importer(815301076,1909f56bfc062723c751e8b465ee728b)  -> (artifact id: '0a9e8995d01ffb9398cc19572c682e11') in 0.001399 seconds 
========================================================================
Received Import Request.
  Time since last request: 0.151820 seconds.
  path: Assets/Standard Assets/Environment/Water/Water/Prefabs/WaterProDaytime.prefab
  artifactKey: Guid(780611a67e8e941a2b3aa96e5915a793) Importer(815301076,1909f56bfc062723c751e8b465ee728b)
Start importing Assets/Standard Assets/Environment/Water/Water/Prefabs/WaterProDaytime.prefab using Guid(780611a67e8e941a2b3aa96e5915a793) Importer(815301076,1909f56bfc062723c751e8b465ee728b)  -> (artifact id: '07ccb84c52edf4bd3b0b45f6b3721ea6') in 0.005854 seconds 
========================================================================
Received Import Request.
  Time since last request: 0.000219 seconds.
  path: Assets/Standard Assets/Environment/Water/Water/Prefabs/WaterProNighttime.prefab
  artifactKey: Guid(bcae914220acd4907840a029bb9d9aec) Importer(815301076,1909f56bfc062723c751e8b465ee728b)
Start importing Assets/Standard Assets/Environment/Water/Water/Prefabs/WaterProNighttime.prefab using Guid(bcae914220acd4907840a029bb9d9aec) Importer(815301076,1909f56bfc062723c751e8b465ee728b)  -> (artifact id: '5c5b3384cd50cbe0d7dceaeb43406a92') in 0.006514 seconds 
========================================================================
Received Import Request.
  Time since last request: 2.890969 seconds.
  path: Assets/Standard Assets/Environment/Water/Water/Scripts
  artifactKey: Guid(b5b8c0f9acc2944f086c02cb83f4ae76) Importer(815301076,1909f56bfc062723c751e8b465ee728b)
Start importing Assets/Standard Assets/Environment/Water/Water/Scripts using Guid(b5b8c0f9acc2944f086c02cb83f4ae76) Importer(815301076,1909f56bfc062723c751e8b465ee728b)  -> (artifact id: 'ed81c5bb269c9ac67dff8edcdbe71b82') in 0.001522 seconds 
========================================================================
Received Import Request.
  Time since last request: 0.571670 seconds.
  path: Assets/Standard Assets/Environment/Water/Water/Shaders
  artifactKey: Guid(e70b47c0cfc1d4b12a3c663d7582a523) Importer(815301076,1909f56bfc062723c751e8b465ee728b)
Start importing Assets/Standard Assets/Environment/Water/Water/Shaders using Guid(e70b47c0cfc1d4b12a3c663d7582a523) Importer(815301076,1909f56bfc062723c751e8b465ee728b)  -> (artifact id: 'e70ae8c66db06818ae8d9dc4bc29092d') in 0.001460 seconds 
========================================================================
Received Import Request.
  Time since last request: 1.218434 seconds.
  path: Assets/Standard Assets/Environment/Water/Water/Textures
  artifactKey: Guid(c22094bc116524b2a95c9aae09278b22) Importer(815301076,1909f56bfc062723c751e8b465ee728b)
Start importing Assets/Standard Assets/Environment/Water/Water/Textures using Guid(c22094bc116524b2a95c9aae09278b22) Importer(815301076,1909f56bfc062723c751e8b465ee728b)  -> (artifact id: '9acb71569d3976bd779ee3bf35c1c27b') in 0.001306 seconds 
========================================================================
Received Import Request.
  Time since last request: 2.133609 seconds.
  path: Assets/Standard Assets/Environment/Water/Water4
  artifactKey: Guid(17e234879cb994b7f93d7437c10d23d6) Importer(815301076,1909f56bfc062723c751e8b465ee728b)
Start importing Assets/Standard Assets/Environment/Water/Water4 using Guid(17e234879cb994b7f93d7437c10d23d6) Importer(815301076,1909f56bfc062723c751e8b465ee728b)  -> (artifact id: 'fbe72926d7161505adea228d5fcca19e') in 0.001467 seconds 
========================================================================
Received Import Request.
  Time since last request: 0.635251 seconds.
  path: Assets/Standard Assets/Environment/Water/Water4/Materials
  artifactKey: Guid(a771af3b1958445078af5fe2e9ec726c) Importer(815301076,1909f56bfc062723c751e8b465ee728b)
Start importing Assets/Standard Assets/Environment/Water/Water4/Materials using Guid(a771af3b1958445078af5fe2e9ec726c) Importer(815301076,1909f56bfc062723c751e8b465ee728b)  -> (artifact id: '9dd08f3c6e8b6ed1a9da852a28d448b8') in 0.001706 seconds 
========================================================================
Received Import Request.
  Time since last request: 0.867587 seconds.
  path: Assets/Standard Assets/Environment/Water/Water4/Models
  artifactKey: Guid(6aa58ee2f84094af2846e1a7bb0c23f9) Importer(815301076,1909f56bfc062723c751e8b465ee728b)
Start importing Assets/Standard Assets/Environment/Water/Water4/Models using Guid(6aa58ee2f84094af2846e1a7bb0c23f9) Importer(815301076,1909f56bfc062723c751e8b465ee728b)  -> (artifact id: '35bc920ab522cd52e1c3657ddf1df061') in 0.001348 seconds 
========================================================================
Received Import Request.
  Time since last request: 0.914654 seconds.
  path: Assets/Standard Assets/Environment/Water/Water4/Prefabs
  artifactKey: Guid(d25c4f81e90442d4bbda4d5285669c95) Importer(815301076,1909f56bfc062723c751e8b465ee728b)
Start importing Assets/Standard Assets/Environment/Water/Water4/Prefabs using Guid(d25c4f81e90442d4bbda4d5285669c95) Importer(815301076,1909f56bfc062723c751e8b465ee728b)  -> (artifact id: 'a7fdb60c6f5c6e646f900b200068ee2e') in 0.001541 seconds 
========================================================================
Received Import Request.
  Time since last request: 1.371321 seconds.
  path: Assets/Standard Assets/Environment/Water/Water4/Shaders
  artifactKey: Guid(2c538784885b34a5987ed9f6651d9ecd) Importer(815301076,1909f56bfc062723c751e8b465ee728b)
Start importing Assets/Standard Assets/Environment/Water/Water4/Shaders using Guid(2c538784885b34a5987ed9f6651d9ecd) Importer(815301076,1909f56bfc062723c751e8b465ee728b)  -> (artifact id: '42a7462e17090548e89c3dede316e0ba') in 0.001433 seconds 
========================================================================
Received Import Request.
  Time since last request: 0.835750 seconds.
  path: Assets/Standard Assets/Environment/Water/Water4/Textures
  artifactKey: Guid(3cc8ac37e0da341db819af6143a07b03) Importer(815301076,1909f56bfc062723c751e8b465ee728b)
Start importing Assets/Standard Assets/Environment/Water/Water4/Textures using Guid(3cc8ac37e0da341db819af6143a07b03) Importer(815301076,1909f56bfc062723c751e8b465ee728b)  -> (artifact id: '15f28210e16ce7c43fc4ac5172752495') in 0.001292 seconds 
========================================================================
Received Import Request.
  Time since last request: 7.748708 seconds.
  path: Assets/Standard Assets/Fonts
  artifactKey: Guid(5d757120c2679c94f95bbb8c06341f10) Importer(815301076,1909f56bfc062723c751e8b465ee728b)
Start importing Assets/Standard Assets/Fonts using Guid(5d757120c2679c94f95bbb8c06341f10) Importer(815301076,1909f56bfc062723c751e8b465ee728b)  -> (artifact id: '1046e24c5cd05ff1018a5e5484bbad3e') in 0.005076 seconds 
========================================================================
Received Import Request.
  Time since last request: 1.536577 seconds.
  path: Assets/Standard Assets/ParticleSystems
  artifactKey: Guid(d7ea5a218770df14895b81e3602e420f) Importer(815301076,1909f56bfc062723c751e8b465ee728b)
Start importing Assets/Standard Assets/ParticleSystems using Guid(d7ea5a218770df14895b81e3602e420f) Importer(815301076,1909f56bfc062723c751e8b465ee728b)  -> (artifact id: '69793abc295eb88ecd475d7fa8177fb4') in 0.004338 seconds 
========================================================================
Received Import Request.
  Time since last request: 1.031736 seconds.
  path: Assets/Standard Assets/ParticleSystems/Materials
  artifactKey: Guid(628c4c973f12f4ae5b8e6c50610f891a) Importer(815301076,1909f56bfc062723c751e8b465ee728b)
Start importing Assets/Standard Assets/ParticleSystems/Materials using Guid(628c4c973f12f4ae5b8e6c50610f891a) Importer(815301076,1909f56bfc062723c751e8b465ee728b)  -> (artifact id: 'ffce4b445d56dcbb66926df578207f25') in 0.007526 seconds 
========================================================================
Received Import Request.
  Time since last request: 1.230050 seconds.
  path: Assets/Standard Assets/ParticleSystems/Prefabs
  artifactKey: Guid(15135e86e52ab4b038dcbd61d7549e9f) Importer(815301076,1909f56bfc062723c751e8b465ee728b)
Start importing Assets/Standard Assets/ParticleSystems/Prefabs using Guid(15135e86e52ab4b038dcbd61d7549e9f) Importer(815301076,1909f56bfc062723c751e8b465ee728b)  -> (artifact id: '53850abcdcb0464778598d1ddf32d427') in 0.001697 seconds 
========================================================================
Received Import Request.
  Time since last request: 1.378848 seconds.
  path: Assets/Standard Assets/ParticleSystems/Shaders
  artifactKey: Guid(d5bbfe17fd61a7f45ad1932a5dd14b56) Importer(815301076,1909f56bfc062723c751e8b465ee728b)
Start importing Assets/Standard Assets/ParticleSystems/Shaders using Guid(d5bbfe17fd61a7f45ad1932a5dd14b56) Importer(815301076,1909f56bfc062723c751e8b465ee728b)  -> (artifact id: '8a25998fd4dacbaf837db8d4dd68635d') in 0.001475 seconds 
========================================================================
Received Import Request.
  Time since last request: 0.907397 seconds.
  path: Assets/Standard Assets/ParticleSystems/Textures
  artifactKey: Guid(b7795aea484b54afbb2011addaa251af) Importer(815301076,1909f56bfc062723c751e8b465ee728b)
Start importing Assets/Standard Assets/ParticleSystems/Textures using Guid(b7795aea484b54afbb2011addaa251af) Importer(815301076,1909f56bfc062723c751e8b465ee728b)  -> (artifact id: 'cb2ffa3037092d0dd4e6c368b83112b9') in 0.001547 seconds 
========================================================================
Received Import Request.
  Time since last request: 2.924005 seconds.
  path: Assets/Standard Assets/PhysicsMaterials
  artifactKey: Guid(5eebb5849c50a2c4ea24ded96e6f3aac) Importer(815301076,1909f56bfc062723c751e8b465ee728b)
Start importing Assets/Standard Assets/PhysicsMaterials using Guid(5eebb5849c50a2c4ea24ded96e6f3aac) Importer(815301076,1909f56bfc062723c751e8b465ee728b)  -> (artifact id: 'fa481b28a8e525fc0e108fef3e40c030') in 0.001303 seconds 
========================================================================
Received Import Request.
  Time since last request: 0.051950 seconds.
  path: Assets/Standard Assets/PhysicsMaterials/Bouncy.physicmaterial
  artifactKey: Guid(9f93f63d068b08c459038c40fce897d8) Importer(815301076,1909f56bfc062723c751e8b465ee728b)
Start importing Assets/Standard Assets/PhysicsMaterials/Bouncy.physicmaterial using Guid(9f93f63d068b08c459038c40fce897d8) Importer(815301076,1909f56bfc062723c751e8b465ee728b)  -> (artifact id: '1e07dac7eeb90c2b85db4c636021be61') in 0.040228 seconds 
========================================================================
Received Import Request.
  Time since last request: 0.000314 seconds.
  path: Assets/Standard Assets/PhysicsMaterials/Ice.physicmaterial
  artifactKey: Guid(ba92fb44336020f40bdf294bb66bc9da) Importer(815301076,1909f56bfc062723c751e8b465ee728b)
Start importing Assets/Standard Assets/PhysicsMaterials/Ice.physicmaterial using Guid(ba92fb44336020f40bdf294bb66bc9da) Importer(815301076,1909f56bfc062723c751e8b465ee728b)  -> (artifact id: 'c5704ee759da82a3b18d79a7bf7ec4c1') in 0.008005 seconds 
========================================================================
Received Import Request.
  Time since last request: 0.000229 seconds.
  path: Assets/Standard Assets/PhysicsMaterials/Rubber.physicmaterial
  artifactKey: Guid(52baaeb214519f347a35cf0edfd262ff) Importer(815301076,1909f56bfc062723c751e8b465ee728b)
Start importing Assets/Standard Assets/PhysicsMaterials/Rubber.physicmaterial using Guid(52baaeb214519f347a35cf0edfd262ff) Importer(815301076,1909f56bfc062723c751e8b465ee728b)  -> (artifact id: 'f7501e48520fda56fa95be1ce472ef1b') in 0.007694 seconds 
========================================================================
Received Import Request.
  Time since last request: 0.000218 seconds.
  path: Assets/Standard Assets/PhysicsMaterials/Wood.physicmaterial
  artifactKey: Guid(3aeb7dadc0c69d54d9e5777e9d5631f1) Importer(815301076,1909f56bfc062723c751e8b465ee728b)
Start importing Assets/Standard Assets/PhysicsMaterials/Wood.physicmaterial using Guid(3aeb7dadc0c69d54d9e5777e9d5631f1) Importer(815301076,1909f56bfc062723c751e8b465ee728b)  -> (artifact id: '21f7c58829fdefed9c4f2fe7abce39cb') in 0.007674 seconds 
========================================================================
Received Import Request.
  Time since last request: 0.000283 seconds.
  path: Assets/Standard Assets/PhysicsMaterials/ZeroFriction.physicMaterial
  artifactKey: Guid(c2815a7ab32e42c4bb42f59caacb8ec1) Importer(815301076,1909f56bfc062723c751e8b465ee728b)
Start importing Assets/Standard Assets/PhysicsMaterials/ZeroFriction.physicMaterial using Guid(c2815a7ab32e42c4bb42f59caacb8ec1) Importer(815301076,1909f56bfc062723c751e8b465ee728b)  -> (artifact id: 'dfe4c84a5153d5e5896b44c224dd6011') in 0.008783 seconds 
========================================================================
Received Import Request.
  Time since last request: 0.000264 seconds.
  path: Assets/Standard Assets/PhysicsMaterials/MaxFriction.physicMaterial
  artifactKey: Guid(e52fb17f9b1e7fd48b8955f1391d3688) Importer(815301076,1909f56bfc062723c751e8b465ee728b)
Start importing Assets/Standard Assets/PhysicsMaterials/MaxFriction.physicMaterial using Guid(e52fb17f9b1e7fd48b8955f1391d3688) Importer(815301076,1909f56bfc062723c751e8b465ee728b)  -> (artifact id: '4e220d6d0c0c2b342814daf20f7242e3') in 0.007286 seconds 
========================================================================
Received Import Request.
  Time since last request: 0.000176 seconds.
  path: Assets/Standard Assets/PhysicsMaterials/Metal.physicmaterial
  artifactKey: Guid(01571ba68fb2dad46aa03094ab219579) Importer(815301076,1909f56bfc062723c751e8b465ee728b)
Start importing Assets/Standard Assets/PhysicsMaterials/Metal.physicmaterial using Guid(01571ba68fb2dad46aa03094ab219579) Importer(815301076,1909f56bfc062723c751e8b465ee728b)  -> (artifact id: '761090554541bae1aad8ab42e9161b3a') in 0.007963 seconds 
========================================================================
Received Import Request.
  Time since last request: 2.901195 seconds.
  path: Assets/Standard Assets/Prototyping
  artifactKey: Guid(153c77e0022ff3148beba89b18de3476) Importer(815301076,1909f56bfc062723c751e8b465ee728b)
Start importing Assets/Standard Assets/Prototyping using Guid(153c77e0022ff3148beba89b18de3476) Importer(815301076,1909f56bfc062723c751e8b465ee728b)  -> (artifact id: '5f8362aa683ccd56e0edd7dba40ee13f') in 0.004279 seconds 
========================================================================
Received Import Request.
  Time since last request: 1.886163 seconds.
  path: Assets/Standard Assets/Prototyping/Materials
  artifactKey: Guid(11fa60a4f5bdba144a008a674f32eb19) Importer(815301076,1909f56bfc062723c751e8b465ee728b)
Start importing Assets/Standard Assets/Prototyping/Materials using Guid(11fa60a4f5bdba144a008a674f32eb19) Importer(815301076,1909f56bfc062723c751e8b465ee728b)  -> (artifact id: 'ead342970200f179d593c7c8153d492b') in 0.004158 seconds 
========================================================================
Received Import Request.
  Time since last request: 0.793817 seconds.
  path: Assets/Standard Assets/Prototyping/Models
  artifactKey: Guid(244e48ea2b590df4eb7841878685db1e) Importer(815301076,1909f56bfc062723c751e8b465ee728b)
Start importing Assets/Standard Assets/Prototyping/Models using Guid(244e48ea2b590df4eb7841878685db1e) Importer(815301076,1909f56bfc062723c751e8b465ee728b)  -> (artifact id: 'c9bc742544d5117adfd8aec6d59f4d2a') in 0.001620 seconds 
========================================================================
Received Import Request.
  Time since last request: 0.858430 seconds.
  path: Assets/Standard Assets/Prototyping/Prefabs
  artifactKey: Guid(b7fd744af0c01c94c9c84cc342423458) Importer(815301076,1909f56bfc062723c751e8b465ee728b)
Start importing Assets/Standard Assets/Prototyping/Prefabs using Guid(b7fd744af0c01c94c9c84cc342423458) Importer(815301076,1909f56bfc062723c751e8b465ee728b)  -> (artifact id: 'e27e6af8c569d79e7eeef505b58a74a3') in 0.001394 seconds 
========================================================================
Received Import Request.
  Time since last request: 0.900933 seconds.
  path: Assets/Standard Assets/Prototyping/Shaders
  artifactKey: Guid(8fa688219e8c82344b3714e4e5781647) Importer(815301076,1909f56bfc062723c751e8b465ee728b)
Start importing Assets/Standard Assets/Prototyping/Shaders using Guid(8fa688219e8c82344b3714e4e5781647) Importer(815301076,1909f56bfc062723c751e8b465ee728b)  -> (artifact id: '657b36430dd89189e95e010ebd02afe3') in 0.001288 seconds 
========================================================================
Received Import Request.
  Time since last request: 0.778215 seconds.
  path: Assets/Standard Assets/Prototyping/Textures
  artifactKey: Guid(ec897f9ee2210c749ad1898ea59326f9) Importer(815301076,1909f56bfc062723c751e8b465ee728b)
Start importing Assets/Standard Assets/Prototyping/Textures using Guid(ec897f9ee2210c749ad1898ea59326f9) Importer(815301076,1909f56bfc062723c751e8b465ee728b)  -> (artifact id: '28a7b9c07813499f1ae0d27f003fd77e') in 0.001379 seconds 
========================================================================
Received Import Request.
  Time since last request: 2.828188 seconds.
  path: Assets/Standard Assets/Utility
  artifactKey: Guid(4539eb30e895bbb41b5eae6df2dde978) Importer(815301076,1909f56bfc062723c751e8b465ee728b)
Start importing Assets/Standard Assets/Utility using Guid(4539eb30e895bbb41b5eae6df2dde978) Importer(815301076,1909f56bfc062723c751e8b465ee728b)  -> (artifact id: 'a8c28e6f567ae02e255e31130561b338') in 0.004257 seconds 
========================================================================
Received Import Request.
  Time since last request: 1.000509 seconds.
  path: Assets/Standard Assets/Utility/Prefabs
  artifactKey: Guid(b43a4ef15621158419a2b639f7a98245) Importer(815301076,1909f56bfc062723c751e8b465ee728b)
Start importing Assets/Standard Assets/Utility/Prefabs using Guid(b43a4ef15621158419a2b639f7a98245) Importer(815301076,1909f56bfc062723c751e8b465ee728b)  -> (artifact id: 'bcff79e35641baf43c286a50be3312a1') in 0.001270 seconds 
========================================================================
Received Import Request.
  Time since last request: 0.068683 seconds.
  path: Assets/Standard Assets/Utility/Prefabs/FramerateCounter.prefab
  artifactKey: Guid(81154777d5417884981849c5243f6c01) Importer(815301076,1909f56bfc062723c751e8b465ee728b)
Start importing Assets/Standard Assets/Utility/Prefabs/FramerateCounter.prefab using Guid(81154777d5417884981849c5243f6c01) Importer(815301076,1909f56bfc062723c751e8b465ee728b)  -> (artifact id: 'c0eaf6bfbb0f25f4689d2cbe814ac6c3') in 0.026121 seconds 
========================================================================
Received Import Request.
  Time since last request: 2.042832 seconds.
  path: Assets/Standard Assets/Vehicles
  artifactKey: Guid(91c9eb0d68c3aa9468278099737303a2) Importer(815301076,1909f56bfc062723c751e8b465ee728b)
Start importing Assets/Standard Assets/Vehicles using Guid(91c9eb0d68c3aa9468278099737303a2) Importer(815301076,1909f56bfc062723c751e8b465ee728b)  -> (artifact id: '74992b2785e5f549b6b8aeb9424c9ce2') in 0.004579 seconds 
========================================================================
Received Import Request.
  Time since last request: 1.023166 seconds.
  path: Assets/Standard Assets/Vehicles/Aircraft
  artifactKey: Guid(b7de47d41fcb3aa49902af940a730982) Importer(815301076,1909f56bfc062723c751e8b465ee728b)
Start importing Assets/Standard Assets/Vehicles/Aircraft using Guid(b7de47d41fcb3aa49902af940a730982) Importer(815301076,1909f56bfc062723c751e8b465ee728b)  -> (artifact id: 'e2ae431291de792a0518ac22583d5f88') in 0.004332 seconds 
========================================================================
Received Import Request.
  Time since last request: 2.145543 seconds.
  path: Assets/Standard Assets/Vehicles/Aircraft/Animation
  artifactKey: Guid(f1965b3f8523c0248b6cde83beae64b6) Importer(815301076,1909f56bfc062723c751e8b465ee728b)
Start importing Assets/Standard Assets/Vehicles/Aircraft/Animation using Guid(f1965b3f8523c0248b6cde83beae64b6) Importer(815301076,1909f56bfc062723c751e8b465ee728b)  -> (artifact id: '651e7546770661f3d3b141fdee9a0684') in 0.016450 seconds 
========================================================================
Received Import Request.
  Time since last request: 0.744172 seconds.
  path: Assets/Standard Assets/Vehicles/Aircraft/Audio
  artifactKey: Guid(d7e2d3dc5a522e647b5867a0495194b9) Importer(815301076,1909f56bfc062723c751e8b465ee728b)
Start importing Assets/Standard Assets/Vehicles/Aircraft/Audio using Guid(d7e2d3dc5a522e647b5867a0495194b9) Importer(815301076,1909f56bfc062723c751e8b465ee728b)  -> (artifact id: '0cc061c648520e61ef9a26bd0532d247') in 0.004279 seconds 
========================================================================
Received Import Request.
  Time since last request: 1.085900 seconds.
  path: Assets/Standard Assets/Vehicles/Aircraft/Materials
  artifactKey: Guid(86464d239792b1140aa540390279c502) Importer(815301076,1909f56bfc062723c751e8b465ee728b)
Start importing Assets/Standard Assets/Vehicles/Aircraft/Materials using Guid(86464d239792b1140aa540390279c502) Importer(815301076,1909f56bfc062723c751e8b465ee728b)  -> (artifact id: 'c8ad2389aac2337405d88c11e89620a3') in 0.001498 seconds 
========================================================================
Received Import Request.
  Time since last request: 0.828800 seconds.
  path: Assets/Standard Assets/Vehicles/Aircraft/Models
  artifactKey: Guid(d0d63a75fc3907d4a8482c13096e4fe0) Importer(815301076,1909f56bfc062723c751e8b465ee728b)
Start importing Assets/Standard Assets/Vehicles/Aircraft/Models using Guid(d0d63a75fc3907d4a8482c13096e4fe0) Importer(815301076,1909f56bfc062723c751e8b465ee728b)  -> (artifact id: '233ed933cebbe464a0cc82cea975e86d') in 0.001138 seconds 
========================================================================
Received Import Request.
  Time since last request: 0.780039 seconds.
  path: Assets/Standard Assets/Vehicles/Aircraft/Prefabs
  artifactKey: Guid(fa00388a11c6f2a42b43db5b110f616b) Importer(815301076,1909f56bfc062723c751e8b465ee728b)
Start importing Assets/Standard Assets/Vehicles/Aircraft/Prefabs using Guid(fa00388a11c6f2a42b43db5b110f616b) Importer(815301076,1909f56bfc062723c751e8b465ee728b)  -> (artifact id: '68dbe31fc56f7ee945cc41329ca0978f') in 0.001437 seconds 
========================================================================
Received Import Request.
  Time since last request: 0.691221 seconds.
  path: Assets/Standard Assets/Vehicles/Aircraft/Scripts
  artifactKey: Guid(2c1511e0ceed760459899d8803837fb3) Importer(815301076,1909f56bfc062723c751e8b465ee728b)
Start importing Assets/Standard Assets/Vehicles/Aircraft/Scripts using Guid(2c1511e0ceed760459899d8803837fb3) Importer(815301076,1909f56bfc062723c751e8b465ee728b)  -> (artifact id: '88e19657a41ef802e66ebbbd6cbfbf16') in 0.001379 seconds 
========================================================================
Received Prepare
Registering precompiled user dll's ...
Registered in 0.001705 seconds.
Begin MonoManager ReloadAssembly
Native extension for WindowsStandalone target not found
Refreshing native plugins compatible for Editor in 0.44 ms, found 5 plugins.
Preloading 0 native plugins for Editor in 0.00 ms.
Mono: successfully reloaded assembly
- Completed reload, in  0.686 seconds
Domain Reload Profiling:
	ReloadAssembly (686ms)
		BeginReloadAssembly (84ms)
			ExecutionOrderSort (0ms)
			DisableScriptedObjects (3ms)
			BackupInstance (0ms)
			ReleaseScriptingObjects (0ms)
			CreateAndSetChildDomain (25ms)
		EndReloadAssembly (561ms)
			LoadAssemblies (66ms)
			RebuildTransferFunctionScriptingTraits (0ms)
			SetupTypeCache (186ms)
			ReleaseScriptCaches (1ms)
			RebuildScriptCaches (35ms)
			SetupLoadedEditorAssemblies (224ms)
				LogAssemblyErrors (0ms)
				InitializePlatformSupportModulesInManaged (3ms)
				SetLoadedEditorAssemblies (0ms)
				RefreshPlugins (0ms)
				BeforeProcessingInitializeOnLoad (57ms)
				ProcessInitializeOnLoadAttributes (150ms)
				ProcessInitializeOnLoadMethodAttributes (10ms)
				AfterProcessingInitializeOnLoad (4ms)
				EditorAssembliesLoaded (0ms)
			ExecutionOrderSort2 (0ms)
			AwakeInstancesAfterBackupRestoration (1ms)
Platform modules already initialized, skipping
Refreshing native plugins compatible for Editor in 0.42 ms, found 5 plugins.
Preloading 0 native plugins for Editor in 0.00 ms.
Unloading 1965 Unused Serialized files (Serialized files now loaded: 0)
System memory in use before: 96.4 MB.
System memory in use after: 96.5 MB.

Unloading 33 unused Assets to reduce memory usage. Loaded Objects now: 2488.
Total: 1.917200 ms (FindLiveObjects: 0.111800 ms CreateObjectMapping: 0.041500 ms MarkObjects: 1.743100 ms  DeleteObjects: 0.020100 ms)

AssetImportParameters requested are different than current active one (requested -> active):
  custom:framework-win-MediaFoundation: 216162199b28c13a410421893ffa2e32 -> 
  custom:video-decoder-ogg-theora: a1e56fd34408186e4bbccfd4996cb3dc -> 
  custom:container-muxer-webm: aa71ff27fc2769a1b78a27578f13a17b -> 
  custom:container-demuxer-webm: 4f35f7cbe854078d1ac9338744f61a02 -> 
  custom:container-demuxer-ogg: 62fdf1f143b41e24485cea50d1cbac27 -> 
  custom:video-encoder-webm-vp8: eb34c28f22e8b96e1ab97ce403110664 -> 
  custom:video-decoder-webm-vp8: 9c59270c3fd7afecdb556c50c9e8de78 -> 
  custom:audio-decoder-ogg-vorbis: bf7c407c2cedff20999df2af8eb42d56 -> 
  custom:audio-encoder-webm-vorbis: bf7c407c2cedff20999df2af8eb42d56 -> 
========================================================================
Received Import Request.
  Time since last request: 3.694470 seconds.
  path: Assets/Standard Assets/Vehicles/Aircraft/Textures
  artifactKey: Guid(d1f3f2bdf792f6f47a2e3456646041e5) Importer(815301076,1909f56bfc062723c751e8b465ee728b)
Start importing Assets/Standard Assets/Vehicles/Aircraft/Textures using Guid(d1f3f2bdf792f6f47a2e3456646041e5) Importer(815301076,1909f56bfc062723c751e8b465ee728b)  -> (artifact id: 'eb707a50e6407380ba754e7c86ffc120') in 0.003539 seconds 
========================================================================
Received Import Request.
  Time since last request: 2.775286 seconds.
  path: Assets/Standard Assets/Vehicles/Car
  artifactKey: Guid(09cfa44c71dfd864283e08dc3fa7fb4b) Importer(815301076,1909f56bfc062723c751e8b465ee728b)
Start importing Assets/Standard Assets/Vehicles/Car using Guid(09cfa44c71dfd864283e08dc3fa7fb4b) Importer(815301076,1909f56bfc062723c751e8b465ee728b)  -> (artifact id: 'ce24ac507409964ce27fc6772a8099f8') in 0.004102 seconds 
========================================================================
Received Prepare
Registering precompiled user dll's ...
Registered in 0.001720 seconds.
Begin MonoManager ReloadAssembly
Native extension for WindowsStandalone target not found
Refreshing native plugins compatible for Editor in 0.39 ms, found 5 plugins.
Preloading 0 native plugins for Editor in 0.00 ms.
Mono: successfully reloaded assembly
- Completed reload, in  0.696 seconds
Domain Reload Profiling:
	ReloadAssembly (696ms)
		BeginReloadAssembly (82ms)
			ExecutionOrderSort (0ms)
			DisableScriptedObjects (4ms)
			BackupInstance (0ms)
			ReleaseScriptingObjects (0ms)
			CreateAndSetChildDomain (24ms)
		EndReloadAssembly (568ms)
			LoadAssemblies (64ms)
			RebuildTransferFunctionScriptingTraits (0ms)
			SetupTypeCache (192ms)
			ReleaseScriptCaches (1ms)
			RebuildScriptCaches (35ms)
			SetupLoadedEditorAssemblies (224ms)
				LogAssemblyErrors (0ms)
				InitializePlatformSupportModulesInManaged (3ms)
				SetLoadedEditorAssemblies (0ms)
				RefreshPlugins (0ms)
				BeforeProcessingInitializeOnLoad (56ms)
				ProcessInitializeOnLoadAttributes (151ms)
				ProcessInitializeOnLoadMethodAttributes (10ms)
				AfterProcessingInitializeOnLoad (3ms)
				EditorAssembliesLoaded (0ms)
			ExecutionOrderSort2 (0ms)
			AwakeInstancesAfterBackupRestoration (1ms)
Platform modules already initialized, skipping
Refreshing native plugins compatible for Editor in 0.40 ms, found 5 plugins.
Preloading 0 native plugins for Editor in 0.00 ms.
Unloading 1955 Unused Serialized files (Serialized files now loaded: 0)
System memory in use before: 96.1 MB.
System memory in use after: 96.2 MB.

Unloading 34 unused Assets to reduce memory usage. Loaded Objects now: 2481.
Total: 1.900200 ms (FindLiveObjects: 0.135400 ms CreateObjectMapping: 0.037000 ms MarkObjects: 1.708200 ms  DeleteObjects: 0.018500 ms)

AssetImportParameters requested are different than current active one (requested -> active):
  custom:framework-win-MediaFoundation: 216162199b28c13a410421893ffa2e32 -> 
  custom:video-decoder-ogg-theora: a1e56fd34408186e4bbccfd4996cb3dc -> 
  custom:container-muxer-webm: aa71ff27fc2769a1b78a27578f13a17b -> 
  custom:container-demuxer-webm: 4f35f7cbe854078d1ac9338744f61a02 -> 
  custom:container-demuxer-ogg: 62fdf1f143b41e24485cea50d1cbac27 -> 
  custom:video-encoder-webm-vp8: eb34c28f22e8b96e1ab97ce403110664 -> 
  custom:video-decoder-webm-vp8: 9c59270c3fd7afecdb556c50c9e8de78 -> 
  custom:audio-decoder-ogg-vorbis: bf7c407c2cedff20999df2af8eb42d56 -> 
  custom:audio-encoder-webm-vorbis: bf7c407c2cedff20999df2af8eb42d56 -> 
AssetImportWorkerClient::OnTransportError - code=2 error=End of file
