Using pre-set license
Built from 'master' branch; Version is '2020.3.36f1 (71f96b79b9f0) revision 7469419'; Using compiler version '192528614'; Build Type 'Release'
OS: 'Windows 10  (10.0.19044) 64bit Professional' Language: 'en' Physical Memory: 8061 MB
BatchMode: 1, IsHumanControllingUs: 0, StartBugReporterOnCrash: 0, Is64bit: 1, IsPro: 0

COMMAND LINE ARGUMENTS:
C:\Program Files\Unity\Hub\Editor\2020.3.36f1\Editor\Unity.exe
-adb2
-batchMode
-noUpm
-name
AssetImportWorker0
-projectPath
D:/Unity Projects/Card3D
-logFile
Logs/AssetImportWorker0.log
-srvPort
53637
Successfully changed project path to: D:/Unity Projects/Card3D
D:/Unity Projects/Card3D
Using Asset Import Pipeline V2.
Refreshing native plugins compatible for Editor in 89.75 ms, found 2 plugins.
Preloading 0 native plugins for Editor in 0.00 ms.
Initialize engine version: 2020.3.36f1 (71f96b79b9f0)
[Subsystems] Discovering subsystems at path C:/Program Files/Unity/Hub/Editor/2020.3.36f1/Editor/Data/Resources/UnitySubsystems
[Subsystems] Discovering subsystems at path D:/Unity Projects/Card3D/Assets
GfxDevice: creating device client; threaded=0
Direct3D:
    Version:  Direct3D 11.0 [level 11.0]
    Renderer: NVIDIA GeForce GT 730 (ID=0x1287)
    Vendor:   
    VRAM:     2007 MB
    Driver:   27.21.14.5671
Initialize mono
Mono path[0] = 'C:/Program Files/Unity/Hub/Editor/2020.3.36f1/Editor/Data/Managed'
Mono path[1] = 'C:/Program Files/Unity/Hub/Editor/2020.3.36f1/Editor/Data/MonoBleedingEdge/lib/mono/unityjit'
Mono config path = 'C:/Program Files/Unity/Hub/Editor/2020.3.36f1/Editor/Data/MonoBleedingEdge/etc'
Using monoOptions --debugger-agent=transport=dt_socket,embedding=1,server=y,suspend=n,address=127.0.0.1:56288
Begin MonoManager ReloadAssembly
Registering precompiled unity dll's ...
Register platform support module: C:/Program Files/Unity/Hub/Editor/2020.3.36f1/Editor/Data/PlaybackEngines/WindowsStandaloneSupport/UnityEditor.WindowsStandalone.Extensions.dll
Registered in 0.001341 seconds.
Native extension for WindowsStandalone target not found
Refreshing native plugins compatible for Editor in 25.66 ms, found 2 plugins.
Preloading 0 native plugins for Editor in 0.00 ms.
Mono: successfully reloaded assembly
- Completed reload, in  0.477 seconds
Domain Reload Profiling:
	ReloadAssembly (478ms)
		BeginReloadAssembly (53ms)
			ExecutionOrderSort (0ms)
			DisableScriptedObjects (0ms)
			BackupInstance (0ms)
			ReleaseScriptingObjects (0ms)
			CreateAndSetChildDomain (1ms)
		EndReloadAssembly (368ms)
			LoadAssemblies (51ms)
			RebuildTransferFunctionScriptingTraits (0ms)
			SetupTypeCache (118ms)
			ReleaseScriptCaches (0ms)
			RebuildScriptCaches (27ms)
			SetupLoadedEditorAssemblies (137ms)
				LogAssemblyErrors (0ms)
				InitializePlatformSupportModulesInManaged (4ms)
				SetLoadedEditorAssemblies (0ms)
				RefreshPlugins (26ms)
				BeforeProcessingInitializeOnLoad (14ms)
				ProcessInitializeOnLoadAttributes (70ms)
				ProcessInitializeOnLoadMethodAttributes (23ms)
				AfterProcessingInitializeOnLoad (0ms)
				EditorAssembliesLoaded (0ms)
			ExecutionOrderSort2 (0ms)
			AwakeInstancesAfterBackupRestoration (0ms)
Platform modules already initialized, skipping
Registering precompiled user dll's ...
Registered in 0.001241 seconds.
Begin MonoManager ReloadAssembly
Native extension for WindowsStandalone target not found
Refreshing native plugins compatible for Editor in 0.23 ms, found 2 plugins.
Preloading 0 native plugins for Editor in 0.00 ms.
Mono: successfully reloaded assembly
- Completed reload, in  1.169 seconds
Domain Reload Profiling:
	ReloadAssembly (1170ms)
		BeginReloadAssembly (122ms)
			ExecutionOrderSort (0ms)
			DisableScriptedObjects (4ms)
			BackupInstance (0ms)
			ReleaseScriptingObjects (0ms)
			CreateAndSetChildDomain (17ms)
		EndReloadAssembly (995ms)
			LoadAssemblies (430ms)
			RebuildTransferFunctionScriptingTraits (0ms)
			SetupTypeCache (204ms)
			ReleaseScriptCaches (0ms)
			RebuildScriptCaches (41ms)
			SetupLoadedEditorAssemblies (260ms)
				LogAssemblyErrors (0ms)
				InitializePlatformSupportModulesInManaged (4ms)
				SetLoadedEditorAssemblies (0ms)
				RefreshPlugins (0ms)
				BeforeProcessingInitializeOnLoad (65ms)
				ProcessInitializeOnLoadAttributes (174ms)
				ProcessInitializeOnLoadMethodAttributes (12ms)
				AfterProcessingInitializeOnLoad (4ms)
				EditorAssembliesLoaded (0ms)
			ExecutionOrderSort2 (0ms)
			AwakeInstancesAfterBackupRestoration (2ms)
Platform modules already initialized, skipping
========================================================================
Worker process is ready to serve import requests
Launched and connected shader compiler UnityShaderCompiler.exe after 0.03 seconds
Refreshing native plugins compatible for Editor in 0.22 ms, found 2 plugins.
Preloading 0 native plugins for Editor in 0.00 ms.
Unloading 1511 Unused Serialized files (Serialized files now loaded: 0)
System memory in use before: 68.6 MB.
System memory in use after: 68.7 MB.

Unloading 16 unused Assets to reduce memory usage. Loaded Objects now: 1947.
Total: 1.893600 ms (FindLiveObjects: 0.089200 ms CreateObjectMapping: 0.035100 ms MarkObjects: 1.706100 ms  DeleteObjects: 0.062400 ms)

AssetImportParameters requested are different than current active one (requested -> active):
  custom:framework-win-MediaFoundation: 216162199b28c13a410421893ffa2e32 -> 
  custom:video-decoder-ogg-theora: a1e56fd34408186e4bbccfd4996cb3dc -> 
  custom:container-muxer-webm: aa71ff27fc2769a1b78a27578f13a17b -> 
  custom:container-demuxer-webm: 4f35f7cbe854078d1ac9338744f61a02 -> 
  custom:container-demuxer-ogg: 62fdf1f143b41e24485cea50d1cbac27 -> 
  custom:video-encoder-webm-vp8: eb34c28f22e8b96e1ab97ce403110664 -> 
  custom:video-decoder-webm-vp8: 9c59270c3fd7afecdb556c50c9e8de78 -> 
  custom:audio-decoder-ogg-vorbis: bf7c407c2cedff20999df2af8eb42d56 -> 
  custom:audio-encoder-webm-vorbis: bf7c407c2cedff20999df2af8eb42d56 -> 
========================================================================
Received Import Request.
  path: Assets
  artifactKey: Guid(00000000000000001000000000000000) Importer(815301076,1909f56bfc062723c751e8b465ee728b)
Start importing Assets using Guid(00000000000000001000000000000000) Importer(815301076,1909f56bfc062723c751e8b465ee728b)  -> (artifact id: '42d402b061de3733987d63b9cc3b64de') in 0.007223 seconds 
========================================================================
Received Import Request.
  Time since last request: 812.676260 seconds.
  path: Assets/Playing Cards
  artifactKey: Guid(faa4b7e0339ac0c469cb5b903e96c5b5) Importer(815301076,1909f56bfc062723c751e8b465ee728b)
Start importing Assets/Playing Cards using Guid(faa4b7e0339ac0c469cb5b903e96c5b5) Importer(815301076,1909f56bfc062723c751e8b465ee728b)  -> (artifact id: '24a8e77dc0cac62d77df166ec6f333a2') in 0.005815 seconds 
========================================================================
Received Import Request.
  Time since last request: 28.884546 seconds.
  path: Assets/Material
  artifactKey: Guid(5f0a19833c4e9e04bb0c47a9e4fb9542) Importer(815301076,1909f56bfc062723c751e8b465ee728b)
Start importing Assets/Material using Guid(5f0a19833c4e9e04bb0c47a9e4fb9542) Importer(815301076,1909f56bfc062723c751e8b465ee728b)  -> (artifact id: '896bb72cc518daf00a60fefc3aeb2105') in 0.004977 seconds 
========================================================================
Received Import Request.
  Time since last request: 7.829597 seconds.
  path: Assets/Material/Ground.mat
  artifactKey: Guid(2164bbfe27143c74da5125d48205c2c4) Importer(815301076,1909f56bfc062723c751e8b465ee728b)
Start importing Assets/Material/Ground.mat using Guid(2164bbfe27143c74da5125d48205c2c4) Importer(815301076,1909f56bfc062723c751e8b465ee728b)  -> (artifact id: '7555ca541cb387be52514b5a1ac3a3ab') in 0.113471 seconds 
========================================================================
Received Import Request.
  Time since last request: 12.635812 seconds.
  path: Assets/Material/Ground.mat
  artifactKey: Guid(2164bbfe27143c74da5125d48205c2c4) Importer(815301076,1909f56bfc062723c751e8b465ee728b)
Start importing Assets/Material/Ground.mat using Guid(2164bbfe27143c74da5125d48205c2c4) Importer(815301076,1909f56bfc062723c751e8b465ee728b)  -> (artifact id: '2c06c4ad042997ac0e9b68249ea5be09') in 0.029526 seconds 
========================================================================
Received Import Request.
  Time since last request: 54.903774 seconds.
  path: Assets/Playing Cards/Resource
  artifactKey: Guid(c971af88de317f44a8440f18359c8a44) Importer(815301076,1909f56bfc062723c751e8b465ee728b)
Start importing Assets/Playing Cards/Resource using Guid(c971af88de317f44a8440f18359c8a44) Importer(815301076,1909f56bfc062723c751e8b465ee728b)  -> (artifact id: '8bad83de5066167abe63ee685b1a484b') in 0.006342 seconds 
========================================================================
Received Import Request.
  Time since last request: 0.724425 seconds.
  path: Assets/Playing Cards/Resource/Textures
  artifactKey: Guid(8ad90ddfab36d224691bbf37a2fd15d2) Importer(815301076,1909f56bfc062723c751e8b465ee728b)
Start importing Assets/Playing Cards/Resource/Textures using Guid(8ad90ddfab36d224691bbf37a2fd15d2) Importer(815301076,1909f56bfc062723c751e8b465ee728b)  -> (artifact id: '4e2ec1d74b7ea88a861324674d2e0cb9') in 0.004957 seconds 
========================================================================
Received Import Request.
  Time since last request: 0.607776 seconds.
  path: Assets/Playing Cards/Resource/Prefab
  artifactKey: Guid(c3194ec872509f34cb051551986b8ce1) Importer(815301076,1909f56bfc062723c751e8b465ee728b)
Start importing Assets/Playing Cards/Resource/Prefab using Guid(c3194ec872509f34cb051551986b8ce1) Importer(815301076,1909f56bfc062723c751e8b465ee728b)  -> (artifact id: '8b70f5f6a0432d19199a6c9e77eb1179') in 0.005776 seconds 
========================================================================
Received Import Request.
  Time since last request: 1.079510 seconds.
  path: Assets/Playing Cards/Resource/Prefab/CasinoItem
  artifactKey: Guid(ccb2ce0b134082341a494b0214b1c75a) Importer(815301076,1909f56bfc062723c751e8b465ee728b)
Start importing Assets/Playing Cards/Resource/Prefab/CasinoItem using Guid(ccb2ce0b134082341a494b0214b1c75a) Importer(815301076,1909f56bfc062723c751e8b465ee728b)  -> (artifact id: '710651a04c4230cf2353bb4bba8bc2b4') in 0.018879 seconds 
========================================================================
Received Import Request.
  Time since last request: 0.032989 seconds.
  path: Assets/Playing Cards/Resource/Prefab/CasinoItem/CasinoChip20_Black_00.prefab
  artifactKey: Guid(a210f3a6cac261c4a802d91d76b886a1) Importer(815301076,1909f56bfc062723c751e8b465ee728b)
Start importing Assets/Playing Cards/Resource/Prefab/CasinoItem/CasinoChip20_Black_00.prefab using Guid(a210f3a6cac261c4a802d91d76b886a1) Importer(815301076,1909f56bfc062723c751e8b465ee728b)  -> (artifact id: '2b0e3f3d041c47c6d3e47481e158fba8') in 0.207661 seconds 
========================================================================
Received Import Request.
  Time since last request: 0.000194 seconds.
  path: Assets/Playing Cards/Resource/Prefab/CasinoItem/CasinoChip_Red_00.prefab
  artifactKey: Guid(dfdbd0003676533429e1a2da8563a50d) Importer(815301076,1909f56bfc062723c751e8b465ee728b)
Start importing Assets/Playing Cards/Resource/Prefab/CasinoItem/CasinoChip_Red_00.prefab using Guid(dfdbd0003676533429e1a2da8563a50d) Importer(815301076,1909f56bfc062723c751e8b465ee728b)  -> (artifact id: '72981b44de8e2f463644484c6c4041c9') in 0.013507 seconds 
========================================================================
Received Import Request.
  Time since last request: 0.000138 seconds.
  path: Assets/Playing Cards/Resource/Prefab/CasinoItem/CasinoChip20_Blue_00.prefab
  artifactKey: Guid(6a83e97a17b2ad841aab5a65719e9cee) Importer(815301076,1909f56bfc062723c751e8b465ee728b)
Start importing Assets/Playing Cards/Resource/Prefab/CasinoItem/CasinoChip20_Blue_00.prefab using Guid(6a83e97a17b2ad841aab5a65719e9cee) Importer(815301076,1909f56bfc062723c751e8b465ee728b)  -> (artifact id: 'd4b69b523e746659454233fbd338117a') in 0.013711 seconds 
========================================================================
Received Import Request.
  Time since last request: 0.000137 seconds.
  path: Assets/Playing Cards/Resource/Prefab/CasinoItem/CasinoChip_White_00.prefab
  artifactKey: Guid(2182c7e1f0aa60e4590540b85b7a69d8) Importer(815301076,1909f56bfc062723c751e8b465ee728b)
Start importing Assets/Playing Cards/Resource/Prefab/CasinoItem/CasinoChip_White_00.prefab using Guid(2182c7e1f0aa60e4590540b85b7a69d8) Importer(815301076,1909f56bfc062723c751e8b465ee728b)  -> (artifact id: 'dbca0d9d624d519840637984d80c369f') in 0.013633 seconds 
========================================================================
Received Import Request.
  Time since last request: 0.000129 seconds.
  path: Assets/Playing Cards/Resource/Prefab/CasinoItem/CasinoChip20_Green_00.prefab
  artifactKey: Guid(2b06956c46b0c1d4b92286f470a38462) Importer(815301076,1909f56bfc062723c751e8b465ee728b)
Start importing Assets/Playing Cards/Resource/Prefab/CasinoItem/CasinoChip20_Green_00.prefab using Guid(2b06956c46b0c1d4b92286f470a38462) Importer(815301076,1909f56bfc062723c751e8b465ee728b)  -> (artifact id: '46d37e22258f900983bf479da0531e7a') in 0.012834 seconds 
========================================================================
Received Import Request.
  Time since last request: 0.000149 seconds.
  path: Assets/Playing Cards/Resource/Prefab/CasinoItem/CasinoChip20_Red_00.prefab
  artifactKey: Guid(75e505e91b212b54386db9c4f8437175) Importer(815301076,1909f56bfc062723c751e8b465ee728b)
Start importing Assets/Playing Cards/Resource/Prefab/CasinoItem/CasinoChip20_Red_00.prefab using Guid(75e505e91b212b54386db9c4f8437175) Importer(815301076,1909f56bfc062723c751e8b465ee728b)  -> (artifact id: '91c4faa6922085199db37d4f4ddd4bab') in 0.016433 seconds 
========================================================================
Received Import Request.
  Time since last request: 0.000183 seconds.
  path: Assets/Playing Cards/Resource/Prefab/CasinoItem/Table_Square_00.prefab
  artifactKey: Guid(f8a59f4e9fdd7a54e811e96aa28d43b7) Importer(815301076,1909f56bfc062723c751e8b465ee728b)
Start importing Assets/Playing Cards/Resource/Prefab/CasinoItem/Table_Square_00.prefab using Guid(f8a59f4e9fdd7a54e811e96aa28d43b7) Importer(815301076,1909f56bfc062723c751e8b465ee728b)  -> (artifact id: '5fcf553c6230b377ce7f6c7dc16c36c1') in 0.024584 seconds 
========================================================================
Received Import Request.
  Time since last request: 0.000172 seconds.
  path: Assets/Playing Cards/Resource/Prefab/CasinoItem/CasinoChip20_White_00.prefab
  artifactKey: Guid(e42242142db731b4895402b24258b777) Importer(815301076,1909f56bfc062723c751e8b465ee728b)
Start importing Assets/Playing Cards/Resource/Prefab/CasinoItem/CasinoChip20_White_00.prefab using Guid(e42242142db731b4895402b24258b777) Importer(815301076,1909f56bfc062723c751e8b465ee728b)  -> (artifact id: '597fe111311d39c3c1ec8b9ce26c4569') in 0.015756 seconds 
========================================================================
Received Import Request.
  Time since last request: 0.000192 seconds.
  path: Assets/Playing Cards/Resource/Prefab/CasinoItem/CasinoChip_Blue_00.prefab
  artifactKey: Guid(630b866a7322f7842b910f7d471e03ee) Importer(815301076,1909f56bfc062723c751e8b465ee728b)
Start importing Assets/Playing Cards/Resource/Prefab/CasinoItem/CasinoChip_Blue_00.prefab using Guid(630b866a7322f7842b910f7d471e03ee) Importer(815301076,1909f56bfc062723c751e8b465ee728b)  -> (artifact id: '309d012b4973c30a3836b9e521b9af57') in 0.011541 seconds 
========================================================================
Received Import Request.
  Time since last request: 0.000186 seconds.
  path: Assets/Playing Cards/Resource/Prefab/CasinoItem/CasinoTable_Ellipse_00.prefab
  artifactKey: Guid(37aa84da846f5e249a00f8624102e099) Importer(815301076,1909f56bfc062723c751e8b465ee728b)
Start importing Assets/Playing Cards/Resource/Prefab/CasinoItem/CasinoTable_Ellipse_00.prefab using Guid(37aa84da846f5e249a00f8624102e099) Importer(815301076,1909f56bfc062723c751e8b465ee728b)  -> (artifact id: '4294434cef51d3c0a3065d0a4cc16fd5') in 0.020597 seconds 
========================================================================
Received Import Request.
  Time since last request: 0.000165 seconds.
  path: Assets/Playing Cards/Resource/Prefab/CasinoItem/CasinoTable_SemiCircle_00.prefab
  artifactKey: Guid(816b9128c8a29ca4fadbcd532547bce3) Importer(815301076,1909f56bfc062723c751e8b465ee728b)
Start importing Assets/Playing Cards/Resource/Prefab/CasinoItem/CasinoTable_SemiCircle_00.prefab using Guid(816b9128c8a29ca4fadbcd532547bce3) Importer(815301076,1909f56bfc062723c751e8b465ee728b)  -> (artifact id: 'd8e77d5b22d2e27e4044029eabfcc673') in 0.043202 seconds 
========================================================================
Received Import Request.
  Time since last request: 0.000151 seconds.
  path: Assets/Playing Cards/Resource/Prefab/CasinoItem/CasinoChip_Black_00.prefab
  artifactKey: Guid(24828e358252f3d4fa612008bf2e77cc) Importer(815301076,1909f56bfc062723c751e8b465ee728b)
Start importing Assets/Playing Cards/Resource/Prefab/CasinoItem/CasinoChip_Black_00.prefab using Guid(24828e358252f3d4fa612008bf2e77cc) Importer(815301076,1909f56bfc062723c751e8b465ee728b)  -> (artifact id: '3cc433e5adf650852bcc9985ebbce9d5') in 0.019514 seconds 
========================================================================
Received Import Request.
  Time since last request: 0.000163 seconds.
  path: Assets/Playing Cards/Resource/Prefab/CasinoItem/Table_Rectangle_00.prefab
  artifactKey: Guid(8e5a9ad116c83b148bf0b0ef1da5f8c3) Importer(815301076,1909f56bfc062723c751e8b465ee728b)
Start importing Assets/Playing Cards/Resource/Prefab/CasinoItem/Table_Rectangle_00.prefab using Guid(8e5a9ad116c83b148bf0b0ef1da5f8c3) Importer(815301076,1909f56bfc062723c751e8b465ee728b)  -> (artifact id: '1a19fed818022062bdd1250b3a65f3fd') in 0.019624 seconds 
========================================================================
Received Import Request.
  Time since last request: 0.000148 seconds.
  path: Assets/Playing Cards/Resource/Prefab/CasinoItem/CasinoChip_Green_00.prefab
  artifactKey: Guid(3b7fd375226f3ce438184bbd681b67d1) Importer(815301076,1909f56bfc062723c751e8b465ee728b)
Start importing Assets/Playing Cards/Resource/Prefab/CasinoItem/CasinoChip_Green_00.prefab using Guid(3b7fd375226f3ce438184bbd681b67d1) Importer(815301076,1909f56bfc062723c751e8b465ee728b)  -> (artifact id: '7b0a0eb76036e6d3b21965934f3c3411') in 0.022408 seconds 
========================================================================
Received Import Request.
  Time since last request: 247.798798 seconds.
  path: Assets/Playing Cards/Resource/Prefab/BackColor_Blue
  artifactKey: Guid(62b906f4d3c252343a8ee4ad5332e4f1) Importer(815301076,1909f56bfc062723c751e8b465ee728b)
Start importing Assets/Playing Cards/Resource/Prefab/BackColor_Blue using Guid(62b906f4d3c252343a8ee4ad5332e4f1) Importer(815301076,1909f56bfc062723c751e8b465ee728b)  -> (artifact id: 'da62e5af79b5c3dffb3cec646fdd2368') in 0.006045 seconds 
========================================================================
Received Import Request.
  Time since last request: 0.033666 seconds.
  path: Assets/Playing Cards/Resource/Prefab/BackColor_Blue/Blue_5cards_00.prefab
  artifactKey: Guid(740ee51a2b78d8e40a5aeb5601e7ded1) Importer(815301076,1909f56bfc062723c751e8b465ee728b)
Start importing Assets/Playing Cards/Resource/Prefab/BackColor_Blue/Blue_5cards_00.prefab using Guid(740ee51a2b78d8e40a5aeb5601e7ded1) Importer(815301076,1909f56bfc062723c751e8b465ee728b)  -> (artifact id: 'd1437394425a3cb7a1aeaa30376c2e19') in 0.303736 seconds 
========================================================================
Received Import Request.
  Time since last request: 0.000160 seconds.
  path: Assets/Playing Cards/Resource/Prefab/BackColor_Blue/Blue_PlayingCards_Club06_00.prefab
  artifactKey: Guid(57c32fca1cf574847a9e8df604000fc9) Importer(815301076,1909f56bfc062723c751e8b465ee728b)
Start importing Assets/Playing Cards/Resource/Prefab/BackColor_Blue/Blue_PlayingCards_Club06_00.prefab using Guid(57c32fca1cf574847a9e8df604000fc9) Importer(815301076,1909f56bfc062723c751e8b465ee728b)  -> (artifact id: '5130a9f004feb594e7404d3a2d9c8e59') in 0.018614 seconds 
========================================================================
Received Import Request.
  Time since last request: 0.000170 seconds.
  path: Assets/Playing Cards/Resource/Prefab/BackColor_Blue/Blue_PlayingCards_Diamond07_00.prefab
  artifactKey: Guid(a4ff2953159bfc04bbf910e3e0cb782d) Importer(815301076,1909f56bfc062723c751e8b465ee728b)
Start importing Assets/Playing Cards/Resource/Prefab/BackColor_Blue/Blue_PlayingCards_Diamond07_00.prefab using Guid(a4ff2953159bfc04bbf910e3e0cb782d) Importer(815301076,1909f56bfc062723c751e8b465ee728b)  -> (artifact id: '1b56bb199707e4c6fb7dff018f4f225c') in 0.018111 seconds 
========================================================================
Received Import Request.
  Time since last request: 0.000184 seconds.
  path: Assets/Playing Cards/Resource/Prefab/BackColor_Blue/Blue_PlayingCards_Club08_00.prefab
  artifactKey: Guid(859a69a2afa120b43850c9cd106f4bf1) Importer(815301076,1909f56bfc062723c751e8b465ee728b)
Start importing Assets/Playing Cards/Resource/Prefab/BackColor_Blue/Blue_PlayingCards_Club08_00.prefab using Guid(859a69a2afa120b43850c9cd106f4bf1) Importer(815301076,1909f56bfc062723c751e8b465ee728b)  -> (artifact id: '106d55f2479b7746e7541e8db6add5e7') in 0.016154 seconds 
========================================================================
Received Import Request.
  Time since last request: 0.000167 seconds.
  path: Assets/Playing Cards/Resource/Prefab/BackColor_Blue/Blue_PlayingCards_Club12_00.prefab
  artifactKey: Guid(d88027f6a04646c4383a9b136a96eda4) Importer(815301076,1909f56bfc062723c751e8b465ee728b)
Start importing Assets/Playing Cards/Resource/Prefab/BackColor_Blue/Blue_PlayingCards_Club12_00.prefab using Guid(d88027f6a04646c4383a9b136a96eda4) Importer(815301076,1909f56bfc062723c751e8b465ee728b)  -> (artifact id: '4ea23085d6ead2baca20b26afafca3d7') in 0.015835 seconds 
========================================================================
Received Import Request.
  Time since last request: 0.000244 seconds.
  path: Assets/Playing Cards/Resource/Prefab/BackColor_Blue/Blue_PlayingCards_Club07_00.prefab
  artifactKey: Guid(cf7f08e4d0bd5014b87ca0924b0f998f) Importer(815301076,1909f56bfc062723c751e8b465ee728b)
Start importing Assets/Playing Cards/Resource/Prefab/BackColor_Blue/Blue_PlayingCards_Club07_00.prefab using Guid(cf7f08e4d0bd5014b87ca0924b0f998f) Importer(815301076,1909f56bfc062723c751e8b465ee728b)  -> (artifact id: '8bc82090ba7e9e7037f9ee2f62de8913') in 0.018266 seconds 
========================================================================
Received Import Request.
  Time since last request: 0.000210 seconds.
  path: Assets/Playing Cards/Resource/Prefab/BackColor_Blue/Blue_PlayingCards_Diamond11_00.prefab
  artifactKey: Guid(0a28b8910d2c21b41ad2a932a5b3e0e4) Importer(815301076,1909f56bfc062723c751e8b465ee728b)
Start importing Assets/Playing Cards/Resource/Prefab/BackColor_Blue/Blue_PlayingCards_Diamond11_00.prefab using Guid(0a28b8910d2c21b41ad2a932a5b3e0e4) Importer(815301076,1909f56bfc062723c751e8b465ee728b)  -> (artifact id: '5ce8fc859e927a622097a76cfe0d1690') in 0.024171 seconds 
========================================================================
Received Import Request.
  Time since last request: 0.000258 seconds.
  path: Assets/Playing Cards/Resource/Prefab/BackColor_Blue/Blue_PlayingCards_Diamond08_00.prefab
  artifactKey: Guid(86850f5aac494fb47b3901083248e109) Importer(815301076,1909f56bfc062723c751e8b465ee728b)
Start importing Assets/Playing Cards/Resource/Prefab/BackColor_Blue/Blue_PlayingCards_Diamond08_00.prefab using Guid(86850f5aac494fb47b3901083248e109) Importer(815301076,1909f56bfc062723c751e8b465ee728b)  -> (artifact id: 'b4785be5997a9a612fca55f0cf323a99') in 0.062778 seconds 
========================================================================
Received Import Request.
  Time since last request: 0.000231 seconds.
  path: Assets/Playing Cards/Resource/Prefab/BackColor_Blue/Blue_PlayingCards_Club10_00.prefab
  artifactKey: Guid(4f1ac5d9bb0145e478692d54589f8967) Importer(815301076,1909f56bfc062723c751e8b465ee728b)
Start importing Assets/Playing Cards/Resource/Prefab/BackColor_Blue/Blue_PlayingCards_Club10_00.prefab using Guid(4f1ac5d9bb0145e478692d54589f8967) Importer(815301076,1909f56bfc062723c751e8b465ee728b)  -> (artifact id: 'cc78effff2fa6bff309cd3ab5dba1f98') in 0.020283 seconds 
========================================================================
Received Import Request.
  Time since last request: 0.000217 seconds.
  path: Assets/Playing Cards/Resource/Prefab/BackColor_Blue/Blue_PlayingCards_Diamond04_00.prefab
  artifactKey: Guid(ab57051fe93c8e7438bcfdacb49452a9) Importer(815301076,1909f56bfc062723c751e8b465ee728b)
Start importing Assets/Playing Cards/Resource/Prefab/BackColor_Blue/Blue_PlayingCards_Diamond04_00.prefab using Guid(ab57051fe93c8e7438bcfdacb49452a9) Importer(815301076,1909f56bfc062723c751e8b465ee728b)  -> (artifact id: '9960e4862f5bd10dfcf7ccd225e0010c') in 0.018371 seconds 
========================================================================
Received Import Request.
  Time since last request: 0.000207 seconds.
  path: Assets/Playing Cards/Resource/Prefab/BackColor_Blue/Blue_PlayingCards_Diamond09_00.prefab
  artifactKey: Guid(23de0e6d7c9599b41adff62ca13f9c69) Importer(815301076,1909f56bfc062723c751e8b465ee728b)
Start importing Assets/Playing Cards/Resource/Prefab/BackColor_Blue/Blue_PlayingCards_Diamond09_00.prefab using Guid(23de0e6d7c9599b41adff62ca13f9c69) Importer(815301076,1909f56bfc062723c751e8b465ee728b)  -> (artifact id: '38877afa6f572b826a39da7d94a33028') in 0.032794 seconds 
========================================================================
Received Import Request.
  Time since last request: 0.000167 seconds.
  path: Assets/Playing Cards/Resource/Prefab/BackColor_Blue/Blue_PlayingCards_Diamond01_00.prefab
  artifactKey: Guid(f6b699ff21559bc4282d7cf0ff522634) Importer(815301076,1909f56bfc062723c751e8b465ee728b)
Start importing Assets/Playing Cards/Resource/Prefab/BackColor_Blue/Blue_PlayingCards_Diamond01_00.prefab using Guid(f6b699ff21559bc4282d7cf0ff522634) Importer(815301076,1909f56bfc062723c751e8b465ee728b)  -> (artifact id: 'fac18e0a6b28051e8e803d103fb1fdc4') in 0.022084 seconds 
========================================================================
Received Import Request.
  Time since last request: 0.000222 seconds.
  path: Assets/Playing Cards/Resource/Prefab/BackColor_Blue/Blue_PlayingCards_Diamond10_00.prefab
  artifactKey: Guid(5af0cda9ec825d343a55947605f315da) Importer(815301076,1909f56bfc062723c751e8b465ee728b)
Start importing Assets/Playing Cards/Resource/Prefab/BackColor_Blue/Blue_PlayingCards_Diamond10_00.prefab using Guid(5af0cda9ec825d343a55947605f315da) Importer(815301076,1909f56bfc062723c751e8b465ee728b)  -> (artifact id: 'd5baeeb867b78aa5aa4a855e16ac30f3') in 0.017690 seconds 
========================================================================
Received Import Request.
  Time since last request: 0.000262 seconds.
  path: Assets/Playing Cards/Resource/Prefab/BackColor_Blue/Blue_ManyDeck_00.prefab
  artifactKey: Guid(cbb2006a6ea0dac479a09747aaa29f20) Importer(815301076,1909f56bfc062723c751e8b465ee728b)
Start importing Assets/Playing Cards/Resource/Prefab/BackColor_Blue/Blue_ManyDeck_00.prefab using Guid(cbb2006a6ea0dac479a09747aaa29f20) Importer(815301076,1909f56bfc062723c751e8b465ee728b)  -> (artifact id: 'f97bba5e5d6df4841270c943e4d61e8b') in 0.179061 seconds 
========================================================================
Received Import Request.
  Time since last request: 0.000235 seconds.
  path: Assets/Playing Cards/Resource/Prefab/BackColor_Blue/Blue_PlayingCards_Diamond02_00.prefab
  artifactKey: Guid(fb504e82be2699044917d3c360ba3229) Importer(815301076,1909f56bfc062723c751e8b465ee728b)
Start importing Assets/Playing Cards/Resource/Prefab/BackColor_Blue/Blue_PlayingCards_Diamond02_00.prefab using Guid(fb504e82be2699044917d3c360ba3229) Importer(815301076,1909f56bfc062723c751e8b465ee728b)  -> (artifact id: '0289263ba546d0e7a672ec7b3cf3e71d') in 0.020609 seconds 
========================================================================
Received Import Request.
  Time since last request: 0.000309 seconds.
  path: Assets/Playing Cards/Resource/Prefab/BackColor_Blue/Blue_PlayingCards_Club05_00.prefab
  artifactKey: Guid(d8ec169ce3d59824ebf20eacc9dd05ee) Importer(815301076,1909f56bfc062723c751e8b465ee728b)
Start importing Assets/Playing Cards/Resource/Prefab/BackColor_Blue/Blue_PlayingCards_Club05_00.prefab using Guid(d8ec169ce3d59824ebf20eacc9dd05ee) Importer(815301076,1909f56bfc062723c751e8b465ee728b)  -> (artifact id: '71e5c805f45bd15ee7defa8b03e518e2') in 0.019409 seconds 
========================================================================
Received Import Request.
  Time since last request: 0.000204 seconds.
  path: Assets/Playing Cards/Resource/Prefab/BackColor_Blue/Blue_LittleDiscard_00.prefab
  artifactKey: Guid(546873e5032c4514cadf753d24871305) Importer(815301076,1909f56bfc062723c751e8b465ee728b)
Start importing Assets/Playing Cards/Resource/Prefab/BackColor_Blue/Blue_LittleDiscard_00.prefab using Guid(546873e5032c4514cadf753d24871305) Importer(815301076,1909f56bfc062723c751e8b465ee728b)  -> (artifact id: '8670e53c3b9a2ad702dc0c818caa64e7') in 0.031414 seconds 
========================================================================
Received Import Request.
  Time since last request: 0.000176 seconds.
  path: Assets/Playing Cards/Resource/Prefab/BackColor_Blue/Blue_PlayingCards_Blank_00.prefab
  artifactKey: Guid(3164b38464b3a9547beb4522f03f3031) Importer(815301076,1909f56bfc062723c751e8b465ee728b)
Start importing Assets/Playing Cards/Resource/Prefab/BackColor_Blue/Blue_PlayingCards_Blank_00.prefab using Guid(3164b38464b3a9547beb4522f03f3031) Importer(815301076,1909f56bfc062723c751e8b465ee728b)  -> (artifact id: '04643526c5f3b2d2b53d6dda6331718f') in 0.027546 seconds 
========================================================================
Received Import Request.
  Time since last request: 0.000280 seconds.
  path: Assets/Playing Cards/Resource/Prefab/BackColor_Blue/Blue_PlayingCards_Diamond03_00.prefab
  artifactKey: Guid(ffe8af5b3c9db6148ae35786adc66d86) Importer(815301076,1909f56bfc062723c751e8b465ee728b)
Start importing Assets/Playing Cards/Resource/Prefab/BackColor_Blue/Blue_PlayingCards_Diamond03_00.prefab using Guid(ffe8af5b3c9db6148ae35786adc66d86) Importer(815301076,1909f56bfc062723c751e8b465ee728b)  -> (artifact id: 'feb0d3092a19e7d776cda12a1ea96d79') in 0.024338 seconds 
========================================================================
Received Import Request.
  Time since last request: 0.000165 seconds.
  path: Assets/Playing Cards/Resource/Prefab/BackColor_Blue/Blue_LittleDeck_00.prefab
  artifactKey: Guid(939382b70a855e640958d4c788588909) Importer(815301076,1909f56bfc062723c751e8b465ee728b)
Start importing Assets/Playing Cards/Resource/Prefab/BackColor_Blue/Blue_LittleDeck_00.prefab using Guid(939382b70a855e640958d4c788588909) Importer(815301076,1909f56bfc062723c751e8b465ee728b)  -> (artifact id: '0743cc46bc9dbafda3c07293bacb7bad') in 0.020865 seconds 
========================================================================
Received Import Request.
  Time since last request: 0.000227 seconds.
  path: Assets/Playing Cards/Resource/Prefab/BackColor_Blue/Blue_PlayingCards_Club11_00.prefab
  artifactKey: Guid(60378eeda91387f4384f20f946f6bc50) Importer(815301076,1909f56bfc062723c751e8b465ee728b)
Start importing Assets/Playing Cards/Resource/Prefab/BackColor_Blue/Blue_PlayingCards_Club11_00.prefab using Guid(60378eeda91387f4384f20f946f6bc50) Importer(815301076,1909f56bfc062723c751e8b465ee728b)  -> (artifact id: '3b64081165c0e99c5d559a691cbd605c') in 0.016555 seconds 
========================================================================
Received Import Request.
  Time since last request: 0.000306 seconds.
  path: Assets/Playing Cards/Resource/Prefab/BackColor_Blue/Blue_PlayingCards_Club13_00.prefab
  artifactKey: Guid(758e7572125d74344aef6bbc00783a58) Importer(815301076,1909f56bfc062723c751e8b465ee728b)
Start importing Assets/Playing Cards/Resource/Prefab/BackColor_Blue/Blue_PlayingCards_Club13_00.prefab using Guid(758e7572125d74344aef6bbc00783a58) Importer(815301076,1909f56bfc062723c751e8b465ee728b)  -> (artifact id: '8331246716aa746d92183ef51eb4c7f2') in 0.024661 seconds 
========================================================================
Received Import Request.
  Time since last request: 0.000201 seconds.
  path: Assets/Playing Cards/Resource/Prefab/BackColor_Blue/Blue_PlayingCards_Diamond06_00.prefab
  artifactKey: Guid(f2e20d53ab88dcd4fa5a71d8a73c6573) Importer(815301076,1909f56bfc062723c751e8b465ee728b)
Start importing Assets/Playing Cards/Resource/Prefab/BackColor_Blue/Blue_PlayingCards_Diamond06_00.prefab using Guid(f2e20d53ab88dcd4fa5a71d8a73c6573) Importer(815301076,1909f56bfc062723c751e8b465ee728b)  -> (artifact id: 'abd4bfd4f92bbb173d9e426d6a5350f4') in 0.018710 seconds 
========================================================================
Received Import Request.
  Time since last request: 0.000185 seconds.
  path: Assets/Playing Cards/Resource/Prefab/BackColor_Blue/Blue_ManyDiscard_00.prefab
  artifactKey: Guid(fd89f85809a0f2f45a801aab04cc064d) Importer(815301076,1909f56bfc062723c751e8b465ee728b)
Start importing Assets/Playing Cards/Resource/Prefab/BackColor_Blue/Blue_ManyDiscard_00.prefab using Guid(fd89f85809a0f2f45a801aab04cc064d) Importer(815301076,1909f56bfc062723c751e8b465ee728b)  -> (artifact id: 'c830e4ca35888697212b9cd0548ce0a7') in 0.023700 seconds 
========================================================================
Received Import Request.
  Time since last request: 0.000184 seconds.
  path: Assets/Playing Cards/Resource/Prefab/BackColor_Blue/Blue_PlayingCards_Club09_00.prefab
  artifactKey: Guid(20da808ab2a24cf4393462bd72022ec5) Importer(815301076,1909f56bfc062723c751e8b465ee728b)
Start importing Assets/Playing Cards/Resource/Prefab/BackColor_Blue/Blue_PlayingCards_Club09_00.prefab using Guid(20da808ab2a24cf4393462bd72022ec5) Importer(815301076,1909f56bfc062723c751e8b465ee728b)  -> (artifact id: '9276329f0719638d7c47499b6f14fe88') in 0.017251 seconds 
========================================================================
Received Import Request.
  Time since last request: 0.000252 seconds.
  path: Assets/Playing Cards/Resource/Prefab/BackColor_Blue/Blue_PlayingCards_Club01_00.prefab
  artifactKey: Guid(1d1cc56097e553a46b1249f2c8bc83cf) Importer(815301076,1909f56bfc062723c751e8b465ee728b)
Start importing Assets/Playing Cards/Resource/Prefab/BackColor_Blue/Blue_PlayingCards_Club01_00.prefab using Guid(1d1cc56097e553a46b1249f2c8bc83cf) Importer(815301076,1909f56bfc062723c751e8b465ee728b)  -> (artifact id: 'bc17c032877b030917d94a4ff0b27e32') in 0.016005 seconds 
========================================================================
Received Import Request.
  Time since last request: 0.000238 seconds.
  path: Assets/Playing Cards/Resource/Prefab/BackColor_Blue/Blue_PlayingCards_Club04_00.prefab
  artifactKey: Guid(f24ec402e5fe84f409dceac116ca2781) Importer(815301076,1909f56bfc062723c751e8b465ee728b)
Start importing Assets/Playing Cards/Resource/Prefab/BackColor_Blue/Blue_PlayingCards_Club04_00.prefab using Guid(f24ec402e5fe84f409dceac116ca2781) Importer(815301076,1909f56bfc062723c751e8b465ee728b)  -> (artifact id: 'c9469821aedf7c84bae0da764d06e901') in 0.018180 seconds 
========================================================================
Received Import Request.
  Time since last request: 0.000203 seconds.
  path: Assets/Playing Cards/Resource/Prefab/BackColor_Blue/Blue_PlayingCards_Diamond05_00.prefab
  artifactKey: Guid(be89d8923af43af4e832cad1de782dbd) Importer(815301076,1909f56bfc062723c751e8b465ee728b)
Start importing Assets/Playing Cards/Resource/Prefab/BackColor_Blue/Blue_PlayingCards_Diamond05_00.prefab using Guid(be89d8923af43af4e832cad1de782dbd) Importer(815301076,1909f56bfc062723c751e8b465ee728b)  -> (artifact id: '029ef121ab1ba47076721bd7b162331a') in 0.019211 seconds 
========================================================================
Received Import Request.
  Time since last request: 0.000199 seconds.
  path: Assets/Playing Cards/Resource/Prefab/BackColor_Blue/Blue_PlayingCards_Club02_00.prefab
  artifactKey: Guid(71e2ac9160ea26e4aa4ab8d9c87a8bf1) Importer(815301076,1909f56bfc062723c751e8b465ee728b)
Start importing Assets/Playing Cards/Resource/Prefab/BackColor_Blue/Blue_PlayingCards_Club02_00.prefab using Guid(71e2ac9160ea26e4aa4ab8d9c87a8bf1) Importer(815301076,1909f56bfc062723c751e8b465ee728b)  -> (artifact id: 'e77c044fe4395d92c8b044e2f5f15be9') in 0.018464 seconds 
========================================================================
Received Import Request.
  Time since last request: 0.000238 seconds.
  path: Assets/Playing Cards/Resource/Prefab/BackColor_Blue/Blue_AllCards_00.prefab
  artifactKey: Guid(647e76befdaac054b873fd71d92a19f1) Importer(815301076,1909f56bfc062723c751e8b465ee728b)
Start importing Assets/Playing Cards/Resource/Prefab/BackColor_Blue/Blue_AllCards_00.prefab using Guid(647e76befdaac054b873fd71d92a19f1) Importer(815301076,1909f56bfc062723c751e8b465ee728b)  -> (artifact id: '401f938de5bee2c268e47dd79b0c7cb9') in 0.045885 seconds 
========================================================================
Received Import Request.
  Time since last request: 0.000225 seconds.
  path: Assets/Playing Cards/Resource/Prefab/BackColor_Blue/Blue_PlayingCards_Club03_00.prefab
  artifactKey: Guid(0c9f83dbd793c6a48a7556f2d55f8bf4) Importer(815301076,1909f56bfc062723c751e8b465ee728b)
Start importing Assets/Playing Cards/Resource/Prefab/BackColor_Blue/Blue_PlayingCards_Club03_00.prefab using Guid(0c9f83dbd793c6a48a7556f2d55f8bf4) Importer(815301076,1909f56bfc062723c751e8b465ee728b)  -> (artifact id: 'a4cf2c8bc53a4cd8b9b27196e9d405d4') in 0.019751 seconds 
========================================================================
Received Import Request.
  Time since last request: 301.396024 seconds.
  path: Assets/Playing Cards/Resource/Prefab/BackColor_Blue/Blue_PlayingCards_Diamond12_00.prefab
  artifactKey: Guid(527be08438e77c647b3bff00ce5cc256) Importer(815301076,1909f56bfc062723c751e8b465ee728b)
Start importing Assets/Playing Cards/Resource/Prefab/BackColor_Blue/Blue_PlayingCards_Diamond12_00.prefab using Guid(527be08438e77c647b3bff00ce5cc256) Importer(815301076,1909f56bfc062723c751e8b465ee728b)  -> (artifact id: 'b78f0117bdc5a8987e4957154e31f194') in 0.056438 seconds 
========================================================================
Received Import Request.
  Time since last request: 0.000172 seconds.
  path: Assets/Playing Cards/Resource/Prefab/BackColor_Blue/Blue_PlayingCards_Diamond13_00.prefab
  artifactKey: Guid(0dc512b3b50dc7a4389e5af9e778e85d) Importer(815301076,1909f56bfc062723c751e8b465ee728b)
Start importing Assets/Playing Cards/Resource/Prefab/BackColor_Blue/Blue_PlayingCards_Diamond13_00.prefab using Guid(0dc512b3b50dc7a4389e5af9e778e85d) Importer(815301076,1909f56bfc062723c751e8b465ee728b)  -> (artifact id: '26161134def9c11b2d11c8c410a62c0a') in 0.018250 seconds 
========================================================================
Received Import Request.
  Time since last request: 0.000178 seconds.
  path: Assets/Playing Cards/Resource/Prefab/BackColor_Blue/Blue_PlayingCards_Heart07_00.prefab
  artifactKey: Guid(9b290f09d7578c5429c5c4e95c3b3fcd) Importer(815301076,1909f56bfc062723c751e8b465ee728b)
Start importing Assets/Playing Cards/Resource/Prefab/BackColor_Blue/Blue_PlayingCards_Heart07_00.prefab using Guid(9b290f09d7578c5429c5c4e95c3b3fcd) Importer(815301076,1909f56bfc062723c751e8b465ee728b)  -> (artifact id: 'f454b347d6d38c02fde80565c9065a78') in 0.021600 seconds 
========================================================================
Received Import Request.
  Time since last request: 0.000301 seconds.
  path: Assets/Playing Cards/Resource/Prefab/BackColor_Blue/Blue_PlayingCards_Heart06_00.prefab
  artifactKey: Guid(09a202838f006d549a4bf923d6c2b495) Importer(815301076,1909f56bfc062723c751e8b465ee728b)
Start importing Assets/Playing Cards/Resource/Prefab/BackColor_Blue/Blue_PlayingCards_Heart06_00.prefab using Guid(09a202838f006d549a4bf923d6c2b495) Importer(815301076,1909f56bfc062723c751e8b465ee728b)  -> (artifact id: 'd5ecff0ff4d4a8f2aa69586fa9dc2288') in 0.016789 seconds 
========================================================================
Received Import Request.
  Time since last request: 0.000193 seconds.
  path: Assets/Playing Cards/Resource/Prefab/BackColor_Blue/Blue_PlayingCards_Heart05_00.prefab
  artifactKey: Guid(5785542f67752c04db937a9c0a2ad310) Importer(815301076,1909f56bfc062723c751e8b465ee728b)
Start importing Assets/Playing Cards/Resource/Prefab/BackColor_Blue/Blue_PlayingCards_Heart05_00.prefab using Guid(5785542f67752c04db937a9c0a2ad310) Importer(815301076,1909f56bfc062723c751e8b465ee728b)  -> (artifact id: 'a97f7030030cf2a8f5a60d6513d6fc3c') in 0.031846 seconds 
========================================================================
Received Import Request.
  Time since last request: 0.000198 seconds.
  path: Assets/Playing Cards/Resource/Prefab/BackColor_Blue/Blue_PlayingCards_Spade03_00.prefab
  artifactKey: Guid(709cd623e685a1d4ea516e9458bd6a56) Importer(815301076,1909f56bfc062723c751e8b465ee728b)
Start importing Assets/Playing Cards/Resource/Prefab/BackColor_Blue/Blue_PlayingCards_Spade03_00.prefab using Guid(709cd623e685a1d4ea516e9458bd6a56) Importer(815301076,1909f56bfc062723c751e8b465ee728b)  -> (artifact id: '257306dfb87d165b14d437598e03d0cc') in 0.020531 seconds 
========================================================================
Received Import Request.
  Time since last request: 0.000184 seconds.
  path: Assets/Playing Cards/Resource/Prefab/BackColor_Blue/Blue_PlayingCards_Joker_10.prefab
  artifactKey: Guid(f159042dbbae6894bad245994e07937d) Importer(815301076,1909f56bfc062723c751e8b465ee728b)
Start importing Assets/Playing Cards/Resource/Prefab/BackColor_Blue/Blue_PlayingCards_Joker_10.prefab using Guid(f159042dbbae6894bad245994e07937d) Importer(815301076,1909f56bfc062723c751e8b465ee728b)  -> (artifact id: '1b7ce2a22c1c8faebce6401659f26d66') in 0.014858 seconds 
========================================================================
Received Import Request.
  Time since last request: 0.000241 seconds.
  path: Assets/Playing Cards/Resource/Prefab/BackColor_Blue/Blue_PlayingCards_Heart02_00.prefab
  artifactKey: Guid(c606a94c00be09443bb63b97e1ec86ca) Importer(815301076,1909f56bfc062723c751e8b465ee728b)
Start importing Assets/Playing Cards/Resource/Prefab/BackColor_Blue/Blue_PlayingCards_Heart02_00.prefab using Guid(c606a94c00be09443bb63b97e1ec86ca) Importer(815301076,1909f56bfc062723c751e8b465ee728b)  -> (artifact id: '10c7befd83096dadd01f7a6386ea52f8') in 0.016127 seconds 
========================================================================
Received Import Request.
  Time since last request: 0.000320 seconds.
  path: Assets/Playing Cards/Resource/Prefab/BackColor_Blue/Blue_PlayingCards_Heart12_00.prefab
  artifactKey: Guid(425dc71b99f464b40a05a444025dcd33) Importer(815301076,1909f56bfc062723c751e8b465ee728b)
Start importing Assets/Playing Cards/Resource/Prefab/BackColor_Blue/Blue_PlayingCards_Heart12_00.prefab using Guid(425dc71b99f464b40a05a444025dcd33) Importer(815301076,1909f56bfc062723c751e8b465ee728b)  -> (artifact id: '16bb2af705435570994792c49fb49b0d') in 0.016316 seconds 
========================================================================
Received Import Request.
  Time since last request: 0.000208 seconds.
  path: Assets/Playing Cards/Resource/Prefab/BackColor_Blue/Blue_PlayingCards_Heart04_00.prefab
  artifactKey: Guid(f3fcf408079bb07468350b6a4ccab16d) Importer(815301076,1909f56bfc062723c751e8b465ee728b)
Start importing Assets/Playing Cards/Resource/Prefab/BackColor_Blue/Blue_PlayingCards_Heart04_00.prefab using Guid(f3fcf408079bb07468350b6a4ccab16d) Importer(815301076,1909f56bfc062723c751e8b465ee728b)  -> (artifact id: '4d36ef4c310d673b4e74f47d498e6689') in 0.015636 seconds 
========================================================================
Received Import Request.
  Time since last request: 0.000201 seconds.
  path: Assets/Playing Cards/Resource/Prefab/BackColor_Blue/Blue_PlayingCards_Spade01_00.prefab
  artifactKey: Guid(9530df13a3d34864f86344524e6e7477) Importer(815301076,1909f56bfc062723c751e8b465ee728b)
Start importing Assets/Playing Cards/Resource/Prefab/BackColor_Blue/Blue_PlayingCards_Spade01_00.prefab using Guid(9530df13a3d34864f86344524e6e7477) Importer(815301076,1909f56bfc062723c751e8b465ee728b)  -> (artifact id: 'a7ea2b31971648a4d9925d530e2adb27') in 0.017652 seconds 
========================================================================
Received Import Request.
  Time since last request: 0.000169 seconds.
  path: Assets/Playing Cards/Resource/Prefab/BackColor_Blue/Blue_PlayingCards_Heart11_00.prefab
  artifactKey: Guid(620c87bdd851fd4438708a75ad328e36) Importer(815301076,1909f56bfc062723c751e8b465ee728b)
Start importing Assets/Playing Cards/Resource/Prefab/BackColor_Blue/Blue_PlayingCards_Heart11_00.prefab using Guid(620c87bdd851fd4438708a75ad328e36) Importer(815301076,1909f56bfc062723c751e8b465ee728b)  -> (artifact id: '8dc08b83cb4ffc3315bf36d956d6797c') in 0.020019 seconds 
========================================================================
Received Import Request.
  Time since last request: 0.000214 seconds.
  path: Assets/Playing Cards/Resource/Prefab/BackColor_Blue/Blue_PlayingCards_Heart08_00.prefab
  artifactKey: Guid(f3c9575fb59651a4d9f9ff880df9db8b) Importer(815301076,1909f56bfc062723c751e8b465ee728b)
Start importing Assets/Playing Cards/Resource/Prefab/BackColor_Blue/Blue_PlayingCards_Heart08_00.prefab using Guid(f3c9575fb59651a4d9f9ff880df9db8b) Importer(815301076,1909f56bfc062723c751e8b465ee728b)  -> (artifact id: '93f09834be8d57c1beaa2ca5bf6a4417') in 0.016602 seconds 
========================================================================
Received Import Request.
  Time since last request: 0.000185 seconds.
  path: Assets/Playing Cards/Resource/Prefab/BackColor_Blue/Blue_PlayingCards_Joker_00.prefab
  artifactKey: Guid(75f188bdf26238344aab0154f762f9ba) Importer(815301076,1909f56bfc062723c751e8b465ee728b)
Start importing Assets/Playing Cards/Resource/Prefab/BackColor_Blue/Blue_PlayingCards_Joker_00.prefab using Guid(75f188bdf26238344aab0154f762f9ba) Importer(815301076,1909f56bfc062723c751e8b465ee728b)  -> (artifact id: 'c05b8b11eb84e7c12d40ae5a60f4f2b6') in 0.019093 seconds 
========================================================================
Received Import Request.
  Time since last request: 0.000224 seconds.
  path: Assets/Playing Cards/Resource/Prefab/BackColor_Blue/Blue_PlayingCards_Heart10_00.prefab
  artifactKey: Guid(ceb8c219ebb0b184e9d8069bc0a11421) Importer(815301076,1909f56bfc062723c751e8b465ee728b)
Start importing Assets/Playing Cards/Resource/Prefab/BackColor_Blue/Blue_PlayingCards_Heart10_00.prefab using Guid(ceb8c219ebb0b184e9d8069bc0a11421) Importer(815301076,1909f56bfc062723c751e8b465ee728b)  -> (artifact id: 'b75a4ad0b701e3a176d51e4eebd607d2') in 0.018559 seconds 
========================================================================
Received Import Request.
  Time since last request: 0.000201 seconds.
  path: Assets/Playing Cards/Resource/Prefab/BackColor_Blue/Blue_PlayingCards_Heart03_00.prefab
  artifactKey: Guid(f47e5aaa6217cc0418467c1fbe35e372) Importer(815301076,1909f56bfc062723c751e8b465ee728b)
Start importing Assets/Playing Cards/Resource/Prefab/BackColor_Blue/Blue_PlayingCards_Heart03_00.prefab using Guid(f47e5aaa6217cc0418467c1fbe35e372) Importer(815301076,1909f56bfc062723c751e8b465ee728b)  -> (artifact id: '0d761f0407c2a6122f8e9c05f0d4e99d') in 0.015706 seconds 
========================================================================
Received Import Request.
  Time since last request: 0.000215 seconds.
  path: Assets/Playing Cards/Resource/Prefab/BackColor_Blue/Blue_PlayingCards_Heart09_00.prefab
  artifactKey: Guid(2a0cf7cf983069a4f9cfd25cfc85b642) Importer(815301076,1909f56bfc062723c751e8b465ee728b)
Start importing Assets/Playing Cards/Resource/Prefab/BackColor_Blue/Blue_PlayingCards_Heart09_00.prefab using Guid(2a0cf7cf983069a4f9cfd25cfc85b642) Importer(815301076,1909f56bfc062723c751e8b465ee728b)  -> (artifact id: 'cb110c51d80dbd2e0aa436d02db504e8') in 0.016882 seconds 
========================================================================
Received Import Request.
  Time since last request: 0.000233 seconds.
  path: Assets/Playing Cards/Resource/Prefab/BackColor_Blue/Blue_PlayingCards_Heart13_00.prefab
  artifactKey: Guid(46b99c0846546f648a5f91f6f5217d96) Importer(815301076,1909f56bfc062723c751e8b465ee728b)
Start importing Assets/Playing Cards/Resource/Prefab/BackColor_Blue/Blue_PlayingCards_Heart13_00.prefab using Guid(46b99c0846546f648a5f91f6f5217d96) Importer(815301076,1909f56bfc062723c751e8b465ee728b)  -> (artifact id: 'c6312be62520f2dae8cb23119f900891') in 0.016432 seconds 
========================================================================
Received Import Request.
  Time since last request: 0.000184 seconds.
  path: Assets/Playing Cards/Resource/Prefab/BackColor_Blue/Blue_PlayingCards_Heart01_00.prefab
  artifactKey: Guid(d2f80b469e8f7a14abb2443d13dfee73) Importer(815301076,1909f56bfc062723c751e8b465ee728b)
Start importing Assets/Playing Cards/Resource/Prefab/BackColor_Blue/Blue_PlayingCards_Heart01_00.prefab using Guid(d2f80b469e8f7a14abb2443d13dfee73) Importer(815301076,1909f56bfc062723c751e8b465ee728b)  -> (artifact id: '8df269bd8ef0d958348f8da85b766fcd') in 0.015742 seconds 
========================================================================
Received Import Request.
  Time since last request: 0.000190 seconds.
  path: Assets/Playing Cards/Resource/Prefab/BackColor_Blue/Blue_PlayingCards_Spade02_00.prefab
  artifactKey: Guid(ead15689667236347af67a77429e92d8) Importer(815301076,1909f56bfc062723c751e8b465ee728b)
Start importing Assets/Playing Cards/Resource/Prefab/BackColor_Blue/Blue_PlayingCards_Spade02_00.prefab using Guid(ead15689667236347af67a77429e92d8) Importer(815301076,1909f56bfc062723c751e8b465ee728b)  -> (artifact id: 'ab5a2e3fe60a1a2618dd48cc6156829e') in 0.020204 seconds 
========================================================================
Received Import Request.
  Time since last request: 4.546422 seconds.
  path: Assets/Playing Cards/Resource/Prefab/BackColor_Blue/Blue_PlayingCards_Spade04_00.prefab
  artifactKey: Guid(c68d5787d30e4b24ca2669f11ad30a7b) Importer(815301076,1909f56bfc062723c751e8b465ee728b)
Start importing Assets/Playing Cards/Resource/Prefab/BackColor_Blue/Blue_PlayingCards_Spade04_00.prefab using Guid(c68d5787d30e4b24ca2669f11ad30a7b) Importer(815301076,1909f56bfc062723c751e8b465ee728b)  -> (artifact id: 'b6c462a7e45e2bfa7c692b05205841c2') in 0.013874 seconds 
========================================================================
Received Import Request.
  Time since last request: 0.000161 seconds.
  path: Assets/Playing Cards/Resource/Prefab/BackColor_Blue/Blue_PlayingCards_Spade11_00.prefab
  artifactKey: Guid(7c4e94b992de4ce4d9d1414222088af8) Importer(815301076,1909f56bfc062723c751e8b465ee728b)
Start importing Assets/Playing Cards/Resource/Prefab/BackColor_Blue/Blue_PlayingCards_Spade11_00.prefab using Guid(7c4e94b992de4ce4d9d1414222088af8) Importer(815301076,1909f56bfc062723c751e8b465ee728b)  -> (artifact id: '045be2f6972fd8e80eb94fa978fb0666') in 0.018305 seconds 
========================================================================
Received Import Request.
  Time since last request: 0.000224 seconds.
  path: Assets/Playing Cards/Resource/Prefab/BackColor_Blue/Blue_PlayingCards_Spade07_00.prefab
  artifactKey: Guid(7fb16d581153d684d9027b72ae11add1) Importer(815301076,1909f56bfc062723c751e8b465ee728b)
Start importing Assets/Playing Cards/Resource/Prefab/BackColor_Blue/Blue_PlayingCards_Spade07_00.prefab using Guid(7fb16d581153d684d9027b72ae11add1) Importer(815301076,1909f56bfc062723c751e8b465ee728b)  -> (artifact id: '0d9ea7ede390515e6ade6683a14aa79b') in 0.015255 seconds 
========================================================================
Received Import Request.
  Time since last request: 0.000222 seconds.
  path: Assets/Playing Cards/Resource/Prefab/BackColor_Blue/Blue_PlayingCards_Spade12_00.prefab
  artifactKey: Guid(26444efaf7a11dc49b7164a7b180cec9) Importer(815301076,1909f56bfc062723c751e8b465ee728b)
Start importing Assets/Playing Cards/Resource/Prefab/BackColor_Blue/Blue_PlayingCards_Spade12_00.prefab using Guid(26444efaf7a11dc49b7164a7b180cec9) Importer(815301076,1909f56bfc062723c751e8b465ee728b)  -> (artifact id: 'f371e4c822022bc4babd81e41f1702dc') in 0.017633 seconds 
========================================================================
Received Import Request.
  Time since last request: 0.000197 seconds.
  path: Assets/Playing Cards/Resource/Prefab/BackColor_Blue/Blue_PlayingCards_Spade05_00.prefab
  artifactKey: Guid(e6ff6187ffb7e6441ac0124027a23a4f) Importer(815301076,1909f56bfc062723c751e8b465ee728b)
Start importing Assets/Playing Cards/Resource/Prefab/BackColor_Blue/Blue_PlayingCards_Spade05_00.prefab using Guid(e6ff6187ffb7e6441ac0124027a23a4f) Importer(815301076,1909f56bfc062723c751e8b465ee728b)  -> (artifact id: 'f75b7807c6c7c1af9740214b56515512') in 0.016425 seconds 
========================================================================
Received Import Request.
  Time since last request: 0.000196 seconds.
  path: Assets/Playing Cards/Resource/Prefab/BackColor_Blue/Blue_PlayingCards_Spade13_00.prefab
  artifactKey: Guid(4275f8da6c579254c89343cb32120c4d) Importer(815301076,1909f56bfc062723c751e8b465ee728b)
Start importing Assets/Playing Cards/Resource/Prefab/BackColor_Blue/Blue_PlayingCards_Spade13_00.prefab using Guid(4275f8da6c579254c89343cb32120c4d) Importer(815301076,1909f56bfc062723c751e8b465ee728b)  -> (artifact id: '7ae132a6af635eff197d21a51d1d1dcb') in 0.017478 seconds 
========================================================================
Received Import Request.
  Time since last request: 0.000187 seconds.
  path: Assets/Playing Cards/Resource/Prefab/BackColor_Blue/Blue_PlayingCards_Spade06_00.prefab
  artifactKey: Guid(7dd524b18c5befe4d8de4601b1ee9324) Importer(815301076,1909f56bfc062723c751e8b465ee728b)
Start importing Assets/Playing Cards/Resource/Prefab/BackColor_Blue/Blue_PlayingCards_Spade06_00.prefab using Guid(7dd524b18c5befe4d8de4601b1ee9324) Importer(815301076,1909f56bfc062723c751e8b465ee728b)  -> (artifact id: '9999ad3fab9708397acda2a367e8500d') in 0.023796 seconds 
========================================================================
Received Import Request.
  Time since last request: 0.000158 seconds.
  path: Assets/Playing Cards/Resource/Prefab/BackColor_Blue/Blue_PlayingCards_Spade09_00.prefab
  artifactKey: Guid(5c747c6a2508a3b4d83d9b6c297fe6bb) Importer(815301076,1909f56bfc062723c751e8b465ee728b)
Start importing Assets/Playing Cards/Resource/Prefab/BackColor_Blue/Blue_PlayingCards_Spade09_00.prefab using Guid(5c747c6a2508a3b4d83d9b6c297fe6bb) Importer(815301076,1909f56bfc062723c751e8b465ee728b)  -> (artifact id: '08fa02ecdb643075c3061946d3ba3eea') in 0.016430 seconds 
========================================================================
Received Import Request.
  Time since last request: 0.000214 seconds.
  path: Assets/Playing Cards/Resource/Prefab/BackColor_Blue/Blue_PlayingCards_Spade10_00.prefab
  artifactKey: Guid(8313c0beb060a864c9a7f49de221eccc) Importer(815301076,1909f56bfc062723c751e8b465ee728b)
Start importing Assets/Playing Cards/Resource/Prefab/BackColor_Blue/Blue_PlayingCards_Spade10_00.prefab using Guid(8313c0beb060a864c9a7f49de221eccc) Importer(815301076,1909f56bfc062723c751e8b465ee728b)  -> (artifact id: 'b3558fbf71bfbfb74d94cf12ce2ba889') in 0.016231 seconds 
========================================================================
Received Import Request.
  Time since last request: 0.000233 seconds.
  path: Assets/Playing Cards/Resource/Prefab/BackColor_Blue/Blue_PlayingCards_Spade08_00.prefab
  artifactKey: Guid(7f1b451453c3280428345cdc9a8add79) Importer(815301076,1909f56bfc062723c751e8b465ee728b)
Start importing Assets/Playing Cards/Resource/Prefab/BackColor_Blue/Blue_PlayingCards_Spade08_00.prefab using Guid(7f1b451453c3280428345cdc9a8add79) Importer(815301076,1909f56bfc062723c751e8b465ee728b)  -> (artifact id: '792f27b0eb8042d56e614b9bcfcc178c') in 0.016163 seconds 
========================================================================
Received Import Request.
  Time since last request: 9.987915 seconds.
  path: Assets/Playing Cards/Resource/Prefab/BackColor_Blue/Blue_AllCards_00.prefab
  artifactKey: Guid(647e76befdaac054b873fd71d92a19f1) Importer(815301076,1909f56bfc062723c751e8b465ee728b)
Start importing Assets/Playing Cards/Resource/Prefab/BackColor_Blue/Blue_AllCards_00.prefab using Guid(647e76befdaac054b873fd71d92a19f1) Importer(815301076,1909f56bfc062723c751e8b465ee728b)  -> (artifact id: '91814e3f7da3a17ae5d73b19dccad7fc') in 0.031430 seconds 
========================================================================
Received Import Request.
  Time since last request: 0.000276 seconds.
  path: Assets/Playing Cards/Resource/Prefab/BackColor_Blue/Blue_PlayingCards_Blank_00.prefab
  artifactKey: Guid(3164b38464b3a9547beb4522f03f3031) Importer(815301076,1909f56bfc062723c751e8b465ee728b)
Start importing Assets/Playing Cards/Resource/Prefab/BackColor_Blue/Blue_PlayingCards_Blank_00.prefab using Guid(3164b38464b3a9547beb4522f03f3031) Importer(815301076,1909f56bfc062723c751e8b465ee728b)  -> (artifact id: '72def0e7b0cae1a257f2382cfb59e53e') in 0.013449 seconds 
========================================================================
Received Import Request.
  Time since last request: 426.188504 seconds.
  path: Assets/Animations
  artifactKey: Guid(b32acc9b832126d4289056194902250a) Importer(815301076,1909f56bfc062723c751e8b465ee728b)
Start importing Assets/Animations using Guid(b32acc9b832126d4289056194902250a) Importer(815301076,1909f56bfc062723c751e8b465ee728b)  -> (artifact id: '0f0820d2f8e93a85b593f9fbd548ac8c') in 0.005074 seconds 
========================================================================
Received Import Request.
  Time since last request: 8.214334 seconds.
  path: Assets/Animations/SimpleCard
  artifactKey: Guid(8bebb92572ed3e24bbd4493274702a0b) Importer(815301076,1909f56bfc062723c751e8b465ee728b)
Start importing Assets/Animations/SimpleCard using Guid(8bebb92572ed3e24bbd4493274702a0b) Importer(815301076,1909f56bfc062723c751e8b465ee728b)  -> (artifact id: 'c2cc3603fd78b41864997bafcc6a6988') in 0.005998 seconds 
========================================================================
Received Import Request.
  Time since last request: 10.560693 seconds.
  path: Assets/Animations/LowerCards
  artifactKey: Guid(cdb8e1b2f5528984dbd524897efbf409) Importer(815301076,1909f56bfc062723c751e8b465ee728b)
Start importing Assets/Animations/LowerCards using Guid(cdb8e1b2f5528984dbd524897efbf409) Importer(815301076,1909f56bfc062723c751e8b465ee728b)  -> (artifact id: '9212b1cc966ca2b5dab2fb2d0629cfb1') in 0.015346 seconds 
========================================================================
Received Import Request.
  Time since last request: 7.596884 seconds.
  path: Assets/Animations/MiddleCards
  artifactKey: Guid(a6f0e21daec16ea47b7da65a04299243) Importer(815301076,1909f56bfc062723c751e8b465ee728b)
Start importing Assets/Animations/MiddleCards using Guid(a6f0e21daec16ea47b7da65a04299243) Importer(815301076,1909f56bfc062723c751e8b465ee728b)  -> (artifact id: 'fbb18e7ca893ed5b5f4a68a0bd0715b5') in 0.006254 seconds 
========================================================================
Received Import Request.
  Time since last request: 87.873993 seconds.
  path: Assets/Animations/SimpleCard/SimpleCard01.anim
  artifactKey: Guid(8bf031c90ac380f45b40a3b8b9510f18) Importer(815301076,1909f56bfc062723c751e8b465ee728b)
Start importing Assets/Animations/SimpleCard/SimpleCard01.anim using Guid(8bf031c90ac380f45b40a3b8b9510f18) Importer(815301076,1909f56bfc062723c751e8b465ee728b)  -> (artifact id: '591d75e82e357d7b269a6f749913ec19') in 0.007833 seconds 
========================================================================
Received Import Request.
  Time since last request: 1.798121 seconds.
  path: Assets/Animations/SimpleCard/SimpleCard01.anim
  artifactKey: Guid(8bf031c90ac380f45b40a3b8b9510f18) Importer(815301076,1909f56bfc062723c751e8b465ee728b)
Start importing Assets/Animations/SimpleCard/SimpleCard01.anim using Guid(8bf031c90ac380f45b40a3b8b9510f18) Importer(815301076,1909f56bfc062723c751e8b465ee728b)  -> (artifact id: '4701d6c407a200ec9b6ee8077adb1e9b') in 0.001945 seconds 
========================================================================
Received Import Request.
  Time since last request: 0.859571 seconds.
  path: Assets/Animations/SimpleCard/SimpleCard02.anim
  artifactKey: Guid(26657dd206cc767499358be7a29aa4bd) Importer(815301076,1909f56bfc062723c751e8b465ee728b)
Start importing Assets/Animations/SimpleCard/SimpleCard02.anim using Guid(26657dd206cc767499358be7a29aa4bd) Importer(815301076,1909f56bfc062723c751e8b465ee728b)  -> (artifact id: '54c7eceaa24db91305bc981b61e95430') in 0.005669 seconds 
========================================================================
Received Import Request.
  Time since last request: 1.614135 seconds.
  path: Assets/Animations/SimpleCard/SimpleCard02.anim
  artifactKey: Guid(26657dd206cc767499358be7a29aa4bd) Importer(815301076,1909f56bfc062723c751e8b465ee728b)
Start importing Assets/Animations/SimpleCard/SimpleCard02.anim using Guid(26657dd206cc767499358be7a29aa4bd) Importer(815301076,1909f56bfc062723c751e8b465ee728b)  -> (artifact id: '16789be7e4cc068a1073585619200c2b') in 0.001685 seconds 
========================================================================
Received Import Request.
  Time since last request: 1.259707 seconds.
  path: Assets/Animations/SimpleCard/SimpleCard01.controller
  artifactKey: Guid(2acd2472cf133a149b21069872284751) Importer(815301076,1909f56bfc062723c751e8b465ee728b)
Start importing Assets/Animations/SimpleCard/SimpleCard01.controller using Guid(2acd2472cf133a149b21069872284751) Importer(815301076,1909f56bfc062723c751e8b465ee728b)  -> (artifact id: 'c88757feffabb0475e19d654aa8c7494') in 0.004301 seconds 
========================================================================
Received Import Request.
  Time since last request: 9.877881 seconds.
  path: Assets/Animations/SimpleCard/SimpleCard02.controller
  artifactKey: Guid(2b416a3df3551584c87f276aa5e04d63) Importer(815301076,1909f56bfc062723c751e8b465ee728b)
Start importing Assets/Animations/SimpleCard/SimpleCard02.controller using Guid(2b416a3df3551584c87f276aa5e04d63) Importer(815301076,1909f56bfc062723c751e8b465ee728b)  -> (artifact id: '1090d2a312de21115a0347d42bc9aec0') in 0.002029 seconds 
========================================================================
Received Import Request.
  Time since last request: 98.429107 seconds.
  path: Assets/SimpleCards.cs
  artifactKey: Guid(e2bcead7de316424f9c81a4c628812c8) Importer(815301076,1909f56bfc062723c751e8b465ee728b)
Start importing Assets/SimpleCards.cs using Guid(e2bcead7de316424f9c81a4c628812c8) Importer(815301076,1909f56bfc062723c751e8b465ee728b)  -> (artifact id: '5285f27701f37455def09e98988cee82') in 0.012520 seconds 
========================================================================
Received Prepare
Registering precompiled user dll's ...
Registered in 0.021151 seconds.
Begin MonoManager ReloadAssembly
Native extension for WindowsStandalone target not found
Refreshing native plugins compatible for Editor in 0.29 ms, found 2 plugins.
Preloading 0 native plugins for Editor in 0.00 ms.
Mono: successfully reloaded assembly
- Completed reload, in  0.793 seconds
Domain Reload Profiling:
	ReloadAssembly (794ms)
		BeginReloadAssembly (107ms)
			ExecutionOrderSort (0ms)
			DisableScriptedObjects (4ms)
			BackupInstance (0ms)
			ReleaseScriptingObjects (0ms)
			CreateAndSetChildDomain (35ms)
		EndReloadAssembly (640ms)
			LoadAssemblies (77ms)
			RebuildTransferFunctionScriptingTraits (0ms)
			SetupTypeCache (199ms)
			ReleaseScriptCaches (1ms)
			RebuildScriptCaches (34ms)
			SetupLoadedEditorAssemblies (273ms)
				LogAssemblyErrors (0ms)
				InitializePlatformSupportModulesInManaged (4ms)
				SetLoadedEditorAssemblies (0ms)
				RefreshPlugins (0ms)
				BeforeProcessingInitializeOnLoad (60ms)
				ProcessInitializeOnLoadAttributes (191ms)
				ProcessInitializeOnLoadMethodAttributes (12ms)
				AfterProcessingInitializeOnLoad (4ms)
				EditorAssembliesLoaded (0ms)
			ExecutionOrderSort2 (0ms)
			AwakeInstancesAfterBackupRestoration (2ms)
Platform modules already initialized, skipping
Refreshing native plugins compatible for Editor in 0.29 ms, found 2 plugins.
Preloading 0 native plugins for Editor in 0.00 ms.
Unloading 1507 Unused Serialized files (Serialized files now loaded: 0)
System memory in use before: 74.7 MB.
System memory in use after: 74.8 MB.

Unloading 11 unused Assets to reduce memory usage. Loaded Objects now: 1993.
Total: 2.339700 ms (FindLiveObjects: 0.183300 ms CreateObjectMapping: 0.066000 ms MarkObjects: 2.061500 ms  DeleteObjects: 0.028100 ms)

AssetImportParameters requested are different than current active one (requested -> active):
  custom:framework-win-MediaFoundation: 216162199b28c13a410421893ffa2e32 -> 
  custom:video-decoder-ogg-theora: a1e56fd34408186e4bbccfd4996cb3dc -> 
  custom:container-muxer-webm: aa71ff27fc2769a1b78a27578f13a17b -> 
  custom:container-demuxer-webm: 4f35f7cbe854078d1ac9338744f61a02 -> 
  custom:container-demuxer-ogg: 62fdf1f143b41e24485cea50d1cbac27 -> 
  custom:video-encoder-webm-vp8: eb34c28f22e8b96e1ab97ce403110664 -> 
  custom:video-decoder-webm-vp8: 9c59270c3fd7afecdb556c50c9e8de78 -> 
  custom:audio-decoder-ogg-vorbis: bf7c407c2cedff20999df2af8eb42d56 -> 
  custom:audio-encoder-webm-vorbis: bf7c407c2cedff20999df2af8eb42d56 -> 
========================================================================
Received Import Request.
  Time since last request: 18.790022 seconds.
  path: Assets/Scripts
  artifactKey: Guid(55962674d6926434b93cf7d75adf5167) Importer(815301076,1909f56bfc062723c751e8b465ee728b)
Start importing Assets/Scripts using Guid(55962674d6926434b93cf7d75adf5167) Importer(815301076,1909f56bfc062723c751e8b465ee728b)  -> (artifact id: '24e032572d595645c2209d50e14c8b38') in 0.007031 seconds 
========================================================================
Received Prepare
Registering precompiled user dll's ...
Registered in 0.001336 seconds.
Begin MonoManager ReloadAssembly
Native extension for WindowsStandalone target not found
Refreshing native plugins compatible for Editor in 0.35 ms, found 2 plugins.
Preloading 0 native plugins for Editor in 0.00 ms.
Mono: successfully reloaded assembly
- Completed reload, in  0.762 seconds
Domain Reload Profiling:
	ReloadAssembly (762ms)
		BeginReloadAssembly (91ms)
			ExecutionOrderSort (0ms)
			DisableScriptedObjects (4ms)
			BackupInstance (0ms)
			ReleaseScriptingObjects (0ms)
			CreateAndSetChildDomain (25ms)
		EndReloadAssembly (620ms)
			LoadAssemblies (75ms)
			RebuildTransferFunctionScriptingTraits (0ms)
			SetupTypeCache (210ms)
			ReleaseScriptCaches (1ms)
			RebuildScriptCaches (36ms)
			SetupLoadedEditorAssemblies (241ms)
				LogAssemblyErrors (0ms)
				InitializePlatformSupportModulesInManaged (4ms)
				SetLoadedEditorAssemblies (0ms)
				RefreshPlugins (0ms)
				BeforeProcessingInitializeOnLoad (60ms)
				ProcessInitializeOnLoadAttributes (160ms)
				ProcessInitializeOnLoadMethodAttributes (11ms)
				AfterProcessingInitializeOnLoad (4ms)
				EditorAssembliesLoaded (0ms)
			ExecutionOrderSort2 (0ms)
			AwakeInstancesAfterBackupRestoration (2ms)
Platform modules already initialized, skipping
Refreshing native plugins compatible for Editor in 0.30 ms, found 2 plugins.
Preloading 0 native plugins for Editor in 0.00 ms.
Unloading 1506 Unused Serialized files (Serialized files now loaded: 0)
System memory in use before: 74.4 MB.
System memory in use after: 74.6 MB.

Unloading 11 unused Assets to reduce memory usage. Loaded Objects now: 1996.
Total: 1.905400 ms (FindLiveObjects: 0.099100 ms CreateObjectMapping: 0.029400 ms MarkObjects: 1.760800 ms  DeleteObjects: 0.015200 ms)

AssetImportParameters requested are different than current active one (requested -> active):
  custom:framework-win-MediaFoundation: 216162199b28c13a410421893ffa2e32 -> 
  custom:video-decoder-ogg-theora: a1e56fd34408186e4bbccfd4996cb3dc -> 
  custom:container-muxer-webm: aa71ff27fc2769a1b78a27578f13a17b -> 
  custom:container-demuxer-webm: 4f35f7cbe854078d1ac9338744f61a02 -> 
  custom:container-demuxer-ogg: 62fdf1f143b41e24485cea50d1cbac27 -> 
  custom:video-encoder-webm-vp8: eb34c28f22e8b96e1ab97ce403110664 -> 
  custom:video-decoder-webm-vp8: 9c59270c3fd7afecdb556c50c9e8de78 -> 
  custom:audio-decoder-ogg-vorbis: bf7c407c2cedff20999df2af8eb42d56 -> 
  custom:audio-encoder-webm-vorbis: bf7c407c2cedff20999df2af8eb42d56 -> 
========================================================================
Received Prepare
Registering precompiled user dll's ...
Registered in 0.017127 seconds.
Begin MonoManager ReloadAssembly
Native extension for WindowsStandalone target not found
Refreshing native plugins compatible for Editor in 0.29 ms, found 2 plugins.
Preloading 0 native plugins for Editor in 0.00 ms.
Mono: successfully reloaded assembly
- Completed reload, in  0.757 seconds
Domain Reload Profiling:
	ReloadAssembly (757ms)
		BeginReloadAssembly (91ms)
			ExecutionOrderSort (0ms)
			DisableScriptedObjects (4ms)
			BackupInstance (0ms)
			ReleaseScriptingObjects (0ms)
			CreateAndSetChildDomain (24ms)
		EndReloadAssembly (616ms)
			LoadAssemblies (73ms)
			RebuildTransferFunctionScriptingTraits (0ms)
			SetupTypeCache (206ms)
			ReleaseScriptCaches (1ms)
			RebuildScriptCaches (37ms)
			SetupLoadedEditorAssemblies (241ms)
				LogAssemblyErrors (0ms)
				InitializePlatformSupportModulesInManaged (5ms)
				SetLoadedEditorAssemblies (0ms)
				RefreshPlugins (0ms)
				BeforeProcessingInitializeOnLoad (61ms)
				ProcessInitializeOnLoadAttributes (159ms)
				ProcessInitializeOnLoadMethodAttributes (12ms)
				AfterProcessingInitializeOnLoad (4ms)
				EditorAssembliesLoaded (0ms)
			ExecutionOrderSort2 (0ms)
			AwakeInstancesAfterBackupRestoration (2ms)
Platform modules already initialized, skipping
Refreshing native plugins compatible for Editor in 0.41 ms, found 2 plugins.
Preloading 0 native plugins for Editor in 0.00 ms.
Unloading 1506 Unused Serialized files (Serialized files now loaded: 0)
System memory in use before: 74.5 MB.
System memory in use after: 74.6 MB.

Unloading 11 unused Assets to reduce memory usage. Loaded Objects now: 1999.
Total: 1.989900 ms (FindLiveObjects: 0.142800 ms CreateObjectMapping: 0.035400 ms MarkObjects: 1.792900 ms  DeleteObjects: 0.017900 ms)

AssetImportParameters requested are different than current active one (requested -> active):
  custom:framework-win-MediaFoundation: 216162199b28c13a410421893ffa2e32 -> 
  custom:video-decoder-ogg-theora: a1e56fd34408186e4bbccfd4996cb3dc -> 
  custom:container-muxer-webm: aa71ff27fc2769a1b78a27578f13a17b -> 
  custom:container-demuxer-webm: 4f35f7cbe854078d1ac9338744f61a02 -> 
  custom:container-demuxer-ogg: 62fdf1f143b41e24485cea50d1cbac27 -> 
  custom:video-encoder-webm-vp8: eb34c28f22e8b96e1ab97ce403110664 -> 
  custom:video-decoder-webm-vp8: 9c59270c3fd7afecdb556c50c9e8de78 -> 
  custom:audio-decoder-ogg-vorbis: bf7c407c2cedff20999df2af8eb42d56 -> 
  custom:audio-encoder-webm-vorbis: bf7c407c2cedff20999df2af8eb42d56 -> 
========================================================================
Received Import Request.
  Time since last request: 148.851119 seconds.
  path: Assets/Scripts/SimpleCards.cs
  artifactKey: Guid(e2bcead7de316424f9c81a4c628812c8) Importer(815301076,1909f56bfc062723c751e8b465ee728b)
Start importing Assets/Scripts/SimpleCards.cs using Guid(e2bcead7de316424f9c81a4c628812c8) Importer(815301076,1909f56bfc062723c751e8b465ee728b)  -> (artifact id: 'dea0b426bbf199f510cba27df6885e8a') in 0.003759 seconds 
========================================================================
Received Prepare
Registering precompiled user dll's ...
Registered in 0.001205 seconds.
Begin MonoManager ReloadAssembly
Native extension for WindowsStandalone target not found
Refreshing native plugins compatible for Editor in 0.28 ms, found 2 plugins.
Preloading 0 native plugins for Editor in 0.00 ms.
Mono: successfully reloaded assembly
- Completed reload, in  0.779 seconds
Domain Reload Profiling:
	ReloadAssembly (779ms)
		BeginReloadAssembly (89ms)
			ExecutionOrderSort (0ms)
			DisableScriptedObjects (4ms)
			BackupInstance (0ms)
			ReleaseScriptingObjects (0ms)
			CreateAndSetChildDomain (24ms)
		EndReloadAssembly (641ms)
			LoadAssemblies (73ms)
			RebuildTransferFunctionScriptingTraits (0ms)
			SetupTypeCache (195ms)
			ReleaseScriptCaches (1ms)
			RebuildScriptCaches (35ms)
			SetupLoadedEditorAssemblies (246ms)
				LogAssemblyErrors (0ms)
				InitializePlatformSupportModulesInManaged (4ms)
				SetLoadedEditorAssemblies (0ms)
				RefreshPlugins (0ms)
				BeforeProcessingInitializeOnLoad (62ms)
				ProcessInitializeOnLoadAttributes (163ms)
				ProcessInitializeOnLoadMethodAttributes (13ms)
				AfterProcessingInitializeOnLoad (4ms)
				EditorAssembliesLoaded (0ms)
			ExecutionOrderSort2 (0ms)
			AwakeInstancesAfterBackupRestoration (2ms)
Platform modules already initialized, skipping
Refreshing native plugins compatible for Editor in 0.32 ms, found 2 plugins.
Preloading 0 native plugins for Editor in 0.00 ms.
Unloading 1506 Unused Serialized files (Serialized files now loaded: 0)
System memory in use before: 74.5 MB.
System memory in use after: 74.6 MB.

Unloading 11 unused Assets to reduce memory usage. Loaded Objects now: 2002.
Total: 1.983500 ms (FindLiveObjects: 0.090800 ms CreateObjectMapping: 0.031400 ms MarkObjects: 1.844500 ms  DeleteObjects: 0.016000 ms)

AssetImportParameters requested are different than current active one (requested -> active):
  custom:framework-win-MediaFoundation: 216162199b28c13a410421893ffa2e32 -> 
  custom:video-decoder-ogg-theora: a1e56fd34408186e4bbccfd4996cb3dc -> 
  custom:container-muxer-webm: aa71ff27fc2769a1b78a27578f13a17b -> 
  custom:container-demuxer-webm: 4f35f7cbe854078d1ac9338744f61a02 -> 
  custom:container-demuxer-ogg: 62fdf1f143b41e24485cea50d1cbac27 -> 
  custom:video-encoder-webm-vp8: eb34c28f22e8b96e1ab97ce403110664 -> 
  custom:video-decoder-webm-vp8: 9c59270c3fd7afecdb556c50c9e8de78 -> 
  custom:audio-decoder-ogg-vorbis: bf7c407c2cedff20999df2af8eb42d56 -> 
  custom:audio-encoder-webm-vorbis: bf7c407c2cedff20999df2af8eb42d56 -> 
========================================================================
Received Prepare
Registering precompiled user dll's ...
Registered in 0.001229 seconds.
Begin MonoManager ReloadAssembly
Native extension for WindowsStandalone target not found
Refreshing native plugins compatible for Editor in 0.28 ms, found 2 plugins.
Preloading 0 native plugins for Editor in 0.00 ms.
Mono: successfully reloaded assembly
- Completed reload, in  0.745 seconds
Domain Reload Profiling:
	ReloadAssembly (746ms)
		BeginReloadAssembly (90ms)
			ExecutionOrderSort (0ms)
			DisableScriptedObjects (4ms)
			BackupInstance (0ms)
			ReleaseScriptingObjects (0ms)
			CreateAndSetChildDomain (24ms)
		EndReloadAssembly (608ms)
			LoadAssemblies (73ms)
			RebuildTransferFunctionScriptingTraits (0ms)
			SetupTypeCache (200ms)
			ReleaseScriptCaches (1ms)
			RebuildScriptCaches (34ms)
			SetupLoadedEditorAssemblies (243ms)
				LogAssemblyErrors (0ms)
				InitializePlatformSupportModulesInManaged (4ms)
				SetLoadedEditorAssemblies (0ms)
				RefreshPlugins (0ms)
				BeforeProcessingInitializeOnLoad (60ms)
				ProcessInitializeOnLoadAttributes (162ms)
				ProcessInitializeOnLoadMethodAttributes (12ms)
				AfterProcessingInitializeOnLoad (4ms)
				EditorAssembliesLoaded (0ms)
			ExecutionOrderSort2 (0ms)
			AwakeInstancesAfterBackupRestoration (2ms)
Platform modules already initialized, skipping
Refreshing native plugins compatible for Editor in 0.28 ms, found 2 plugins.
Preloading 0 native plugins for Editor in 0.00 ms.
Unloading 1506 Unused Serialized files (Serialized files now loaded: 0)
System memory in use before: 74.5 MB.
System memory in use after: 74.6 MB.

Unloading 11 unused Assets to reduce memory usage. Loaded Objects now: 2005.
Total: 2.019800 ms (FindLiveObjects: 0.102000 ms CreateObjectMapping: 0.035600 ms MarkObjects: 1.857600 ms  DeleteObjects: 0.023800 ms)

AssetImportParameters requested are different than current active one (requested -> active):
  custom:framework-win-MediaFoundation: 216162199b28c13a410421893ffa2e32 -> 
  custom:video-decoder-ogg-theora: a1e56fd34408186e4bbccfd4996cb3dc -> 
  custom:container-muxer-webm: aa71ff27fc2769a1b78a27578f13a17b -> 
  custom:container-demuxer-webm: 4f35f7cbe854078d1ac9338744f61a02 -> 
  custom:container-demuxer-ogg: 62fdf1f143b41e24485cea50d1cbac27 -> 
  custom:video-encoder-webm-vp8: eb34c28f22e8b96e1ab97ce403110664 -> 
  custom:video-decoder-webm-vp8: 9c59270c3fd7afecdb556c50c9e8de78 -> 
  custom:audio-decoder-ogg-vorbis: bf7c407c2cedff20999df2af8eb42d56 -> 
  custom:audio-encoder-webm-vorbis: bf7c407c2cedff20999df2af8eb42d56 -> 
========================================================================
Received Prepare
Registering precompiled user dll's ...
Registered in 0.001229 seconds.
Begin MonoManager ReloadAssembly
Native extension for WindowsStandalone target not found
Refreshing native plugins compatible for Editor in 0.31 ms, found 2 plugins.
Preloading 0 native plugins for Editor in 0.00 ms.
Mono: successfully reloaded assembly
- Completed reload, in  0.764 seconds
Domain Reload Profiling:
	ReloadAssembly (765ms)
		BeginReloadAssembly (93ms)
			ExecutionOrderSort (0ms)
			DisableScriptedObjects (4ms)
			BackupInstance (0ms)
			ReleaseScriptingObjects (0ms)
			CreateAndSetChildDomain (24ms)
		EndReloadAssembly (623ms)
			LoadAssemblies (78ms)
			RebuildTransferFunctionScriptingTraits (0ms)
			SetupTypeCache (212ms)
			ReleaseScriptCaches (1ms)
			RebuildScriptCaches (36ms)
			SetupLoadedEditorAssemblies (236ms)
				LogAssemblyErrors (0ms)
				InitializePlatformSupportModulesInManaged (4ms)
				SetLoadedEditorAssemblies (0ms)
				RefreshPlugins (0ms)
				BeforeProcessingInitializeOnLoad (58ms)
				ProcessInitializeOnLoadAttributes (157ms)
				ProcessInitializeOnLoadMethodAttributes (11ms)
				AfterProcessingInitializeOnLoad (4ms)
				EditorAssembliesLoaded (0ms)
			ExecutionOrderSort2 (0ms)
			AwakeInstancesAfterBackupRestoration (2ms)
Platform modules already initialized, skipping
Refreshing native plugins compatible for Editor in 0.29 ms, found 2 plugins.
Preloading 0 native plugins for Editor in 0.00 ms.
Unloading 1506 Unused Serialized files (Serialized files now loaded: 0)
System memory in use before: 74.5 MB.
System memory in use after: 74.6 MB.

Unloading 11 unused Assets to reduce memory usage. Loaded Objects now: 2008.
Total: 2.226500 ms (FindLiveObjects: 0.093700 ms CreateObjectMapping: 0.030700 ms MarkObjects: 2.085700 ms  DeleteObjects: 0.015500 ms)

AssetImportParameters requested are different than current active one (requested -> active):
  custom:framework-win-MediaFoundation: 216162199b28c13a410421893ffa2e32 -> 
  custom:video-decoder-ogg-theora: a1e56fd34408186e4bbccfd4996cb3dc -> 
  custom:container-muxer-webm: aa71ff27fc2769a1b78a27578f13a17b -> 
  custom:container-demuxer-webm: 4f35f7cbe854078d1ac9338744f61a02 -> 
  custom:container-demuxer-ogg: 62fdf1f143b41e24485cea50d1cbac27 -> 
  custom:video-encoder-webm-vp8: eb34c28f22e8b96e1ab97ce403110664 -> 
  custom:video-decoder-webm-vp8: 9c59270c3fd7afecdb556c50c9e8de78 -> 
  custom:audio-decoder-ogg-vorbis: bf7c407c2cedff20999df2af8eb42d56 -> 
  custom:audio-encoder-webm-vorbis: bf7c407c2cedff20999df2af8eb42d56 -> 
========================================================================
Received Prepare
Registering precompiled user dll's ...
Registered in 0.001358 seconds.
Begin MonoManager ReloadAssembly
Native extension for WindowsStandalone target not found
Refreshing native plugins compatible for Editor in 0.28 ms, found 2 plugins.
Preloading 0 native plugins for Editor in 0.00 ms.
Mono: successfully reloaded assembly
- Completed reload, in  0.743 seconds
Domain Reload Profiling:
	ReloadAssembly (743ms)
		BeginReloadAssembly (88ms)
			ExecutionOrderSort (0ms)
			DisableScriptedObjects (3ms)
			BackupInstance (0ms)
			ReleaseScriptingObjects (0ms)
			CreateAndSetChildDomain (23ms)
		EndReloadAssembly (609ms)
			LoadAssemblies (72ms)
			RebuildTransferFunctionScriptingTraits (0ms)
			SetupTypeCache (201ms)
			ReleaseScriptCaches (1ms)
			RebuildScriptCaches (34ms)
			SetupLoadedEditorAssemblies (242ms)
				LogAssemblyErrors (0ms)
				InitializePlatformSupportModulesInManaged (4ms)
				SetLoadedEditorAssemblies (0ms)
				RefreshPlugins (0ms)
				BeforeProcessingInitializeOnLoad (60ms)
				ProcessInitializeOnLoadAttributes (161ms)
				ProcessInitializeOnLoadMethodAttributes (12ms)
				AfterProcessingInitializeOnLoad (4ms)
				EditorAssembliesLoaded (0ms)
			ExecutionOrderSort2 (0ms)
			AwakeInstancesAfterBackupRestoration (2ms)
Platform modules already initialized, skipping
Refreshing native plugins compatible for Editor in 0.28 ms, found 2 plugins.
Preloading 0 native plugins for Editor in 0.00 ms.
Unloading 1506 Unused Serialized files (Serialized files now loaded: 0)
System memory in use before: 74.5 MB.
System memory in use after: 74.6 MB.

Unloading 11 unused Assets to reduce memory usage. Loaded Objects now: 2011.
Total: 2.335300 ms (FindLiveObjects: 0.241600 ms CreateObjectMapping: 0.077000 ms MarkObjects: 2.000600 ms  DeleteObjects: 0.015100 ms)

AssetImportParameters requested are different than current active one (requested -> active):
  custom:framework-win-MediaFoundation: 216162199b28c13a410421893ffa2e32 -> 
  custom:video-decoder-ogg-theora: a1e56fd34408186e4bbccfd4996cb3dc -> 
  custom:container-muxer-webm: aa71ff27fc2769a1b78a27578f13a17b -> 
  custom:container-demuxer-webm: 4f35f7cbe854078d1ac9338744f61a02 -> 
  custom:container-demuxer-ogg: 62fdf1f143b41e24485cea50d1cbac27 -> 
  custom:video-encoder-webm-vp8: eb34c28f22e8b96e1ab97ce403110664 -> 
  custom:video-decoder-webm-vp8: 9c59270c3fd7afecdb556c50c9e8de78 -> 
  custom:audio-decoder-ogg-vorbis: bf7c407c2cedff20999df2af8eb42d56 -> 
  custom:audio-encoder-webm-vorbis: bf7c407c2cedff20999df2af8eb42d56 -> 
========================================================================
Received Prepare
Registering precompiled user dll's ...
Registered in 0.001343 seconds.
Begin MonoManager ReloadAssembly
Native extension for WindowsStandalone target not found
Refreshing native plugins compatible for Editor in 0.28 ms, found 2 plugins.
Preloading 0 native plugins for Editor in 0.00 ms.
Mono: successfully reloaded assembly
- Completed reload, in  0.739 seconds
Domain Reload Profiling:
	ReloadAssembly (739ms)
		BeginReloadAssembly (90ms)
			ExecutionOrderSort (0ms)
			DisableScriptedObjects (4ms)
			BackupInstance (0ms)
			ReleaseScriptingObjects (0ms)
			CreateAndSetChildDomain (24ms)
		EndReloadAssembly (603ms)
			LoadAssemblies (74ms)
			RebuildTransferFunctionScriptingTraits (0ms)
			SetupTypeCache (197ms)
			ReleaseScriptCaches (1ms)
			RebuildScriptCaches (34ms)
			SetupLoadedEditorAssemblies (240ms)
				LogAssemblyErrors (0ms)
				InitializePlatformSupportModulesInManaged (4ms)
				SetLoadedEditorAssemblies (0ms)
				RefreshPlugins (0ms)
				BeforeProcessingInitializeOnLoad (59ms)
				ProcessInitializeOnLoadAttributes (159ms)
				ProcessInitializeOnLoadMethodAttributes (12ms)
				AfterProcessingInitializeOnLoad (4ms)
				EditorAssembliesLoaded (0ms)
			ExecutionOrderSort2 (0ms)
			AwakeInstancesAfterBackupRestoration (2ms)
Platform modules already initialized, skipping
Refreshing native plugins compatible for Editor in 0.34 ms, found 2 plugins.
Preloading 0 native plugins for Editor in 0.00 ms.
Unloading 1506 Unused Serialized files (Serialized files now loaded: 0)
System memory in use before: 74.5 MB.
System memory in use after: 74.6 MB.

Unloading 11 unused Assets to reduce memory usage. Loaded Objects now: 2014.
Total: 1.905600 ms (FindLiveObjects: 0.107600 ms CreateObjectMapping: 0.031400 ms MarkObjects: 1.750000 ms  DeleteObjects: 0.015900 ms)

AssetImportParameters requested are different than current active one (requested -> active):
  custom:framework-win-MediaFoundation: 216162199b28c13a410421893ffa2e32 -> 
  custom:video-decoder-ogg-theora: a1e56fd34408186e4bbccfd4996cb3dc -> 
  custom:container-muxer-webm: aa71ff27fc2769a1b78a27578f13a17b -> 
  custom:container-demuxer-webm: 4f35f7cbe854078d1ac9338744f61a02 -> 
  custom:container-demuxer-ogg: 62fdf1f143b41e24485cea50d1cbac27 -> 
  custom:video-encoder-webm-vp8: eb34c28f22e8b96e1ab97ce403110664 -> 
  custom:video-decoder-webm-vp8: 9c59270c3fd7afecdb556c50c9e8de78 -> 
  custom:audio-decoder-ogg-vorbis: bf7c407c2cedff20999df2af8eb42d56 -> 
  custom:audio-encoder-webm-vorbis: bf7c407c2cedff20999df2af8eb42d56 -> 
========================================================================
Received Prepare
Registering precompiled user dll's ...
Registered in 0.001360 seconds.
Begin MonoManager ReloadAssembly
Native extension for WindowsStandalone target not found
Refreshing native plugins compatible for Editor in 0.28 ms, found 2 plugins.
Preloading 0 native plugins for Editor in 0.00 ms.
Mono: successfully reloaded assembly
- Completed reload, in  0.777 seconds
Domain Reload Profiling:
	ReloadAssembly (777ms)
		BeginReloadAssembly (90ms)
			ExecutionOrderSort (0ms)
			DisableScriptedObjects (4ms)
			BackupInstance (0ms)
			ReleaseScriptingObjects (0ms)
			CreateAndSetChildDomain (25ms)
		EndReloadAssembly (640ms)
			LoadAssemblies (72ms)
			RebuildTransferFunctionScriptingTraits (0ms)
			SetupTypeCache (195ms)
			ReleaseScriptCaches (1ms)
			RebuildScriptCaches (36ms)
			SetupLoadedEditorAssemblies (279ms)
				LogAssemblyErrors (0ms)
				InitializePlatformSupportModulesInManaged (4ms)
				SetLoadedEditorAssemblies (0ms)
				RefreshPlugins (0ms)
				BeforeProcessingInitializeOnLoad (61ms)
				ProcessInitializeOnLoadAttributes (197ms)
				ProcessInitializeOnLoadMethodAttributes (11ms)
				AfterProcessingInitializeOnLoad (4ms)
				EditorAssembliesLoaded (0ms)
			ExecutionOrderSort2 (0ms)
			AwakeInstancesAfterBackupRestoration (2ms)
Platform modules already initialized, skipping
Refreshing native plugins compatible for Editor in 0.30 ms, found 2 plugins.
Preloading 0 native plugins for Editor in 0.00 ms.
Unloading 1506 Unused Serialized files (Serialized files now loaded: 0)
System memory in use before: 74.5 MB.
System memory in use after: 74.6 MB.

Unloading 11 unused Assets to reduce memory usage. Loaded Objects now: 2017.
Total: 2.330500 ms (FindLiveObjects: 0.202900 ms CreateObjectMapping: 0.110000 ms MarkObjects: 1.998000 ms  DeleteObjects: 0.018300 ms)

AssetImportParameters requested are different than current active one (requested -> active):
  custom:framework-win-MediaFoundation: 216162199b28c13a410421893ffa2e32 -> 
  custom:video-decoder-ogg-theora: a1e56fd34408186e4bbccfd4996cb3dc -> 
  custom:container-muxer-webm: aa71ff27fc2769a1b78a27578f13a17b -> 
  custom:container-demuxer-webm: 4f35f7cbe854078d1ac9338744f61a02 -> 
  custom:container-demuxer-ogg: 62fdf1f143b41e24485cea50d1cbac27 -> 
  custom:video-encoder-webm-vp8: eb34c28f22e8b96e1ab97ce403110664 -> 
  custom:video-decoder-webm-vp8: 9c59270c3fd7afecdb556c50c9e8de78 -> 
  custom:audio-decoder-ogg-vorbis: bf7c407c2cedff20999df2af8eb42d56 -> 
  custom:audio-encoder-webm-vorbis: bf7c407c2cedff20999df2af8eb42d56 -> 
AssetImportWorkerClient::OnTransportError - code=2 error=End of file
